<?xml version="1.0" encoding="UTF-8"?>
<robot generator="Robot 3.0 (Python 3.4.2 on win32)" generated="20170222 11:53:19.416">
<suite id="s1" name="Login" source="E:\Python\Cli_Robot\login.robot">
<test id="s1-t1" name="Valid Login">
<kw library="resources" name="Open Telnet To Login Page">
<kw library="Telnet" name="Open Connection">
<doc>Opens a new Telnet connection to the given host and port.</doc>
<arguments>
<arg>10.1.25.133</arg>
</arguments>
<msg timestamp="20170222 11:53:20.089" level="INFO">Opening connection to 10.1.25.133:23 with prompt: None</msg>
<status endtime="20170222 11:53:20.143" starttime="20170222 11:53:20.088" status="PASS"></status>
</kw>
<kw library="Telnet" name="Login">
<doc>Logs in to the Telnet server with the given user information.</doc>
<arguments>
<arg>manage</arg>
<arg>!manage</arg>
</arguments>
<msg timestamp="20170222 11:53:21.542" level="INFO">#    ##       #      ###   ####      #   ####  ####
##   #  #     ##         #  #        ##      #     #
 #   #  #      #       ##   ###       #   ####  ####
 #   #  #      #      #        #      #      #     #
###   ##   #  ###  #  ####  ###   #  ###  ####  ####

System Version: GL222P012
MC Version: GLM222R017-01
Serial Number: 00C0FF1A1701
10.1.25.133 login: manage
Password: 

  DH3824</msg>
<status endtime="20170222 11:53:21.542" starttime="20170222 11:53:20.143" status="PASS"></status>
</kw>
<status endtime="20170222 11:53:21.543" starttime="20170222 11:53:20.088" status="PASS"></status>
</kw>
<kw library="resources" name="Set pager off">
<kw library="Telnet" name="Write">
<doc>Writes the given text plus a newline into the connection.</doc>
<arguments>
<arg>set cli-parameters pager off</arg>
</arguments>
<status endtime="20170222 11:53:21.546" starttime="20170222 11:53:21.544" status="PASS"></status>
</kw>
<kw library="Telnet" name="Read Until">
<doc>Reads output until ``expected`` text is encountered.</doc>
<arguments>
<arg>expected=#</arg>
</arguments>
<msg timestamp="20170222 11:53:21.547" level="INFO">System Name: Uninitialized Name
System Location: Uninitialized Location
Version: GL222P012
#</msg>
<status endtime="20170222 11:53:21.547" starttime="20170222 11:53:21.546" status="PASS"></status>
</kw>
<status endtime="20170222 11:53:21.548" starttime="20170222 11:53:21.543" status="PASS"></status>
</kw>
<kw library="resources" name="Print disks">
<kw library="Telnet" name="Write">
<doc>Writes the given text plus a newline into the connection.</doc>
<arguments>
<arg>show disks</arg>
</arguments>
<msg timestamp="20170222 11:53:21.688" level="INFO">set cli-parameters pager off</msg>
<status endtime="20170222 11:53:21.688" starttime="20170222 11:53:21.549" status="PASS"></status>
</kw>
<kw library="Telnet" name="Read Until">
<doc>Reads output until ``expected`` text is encountered.</doc>
<arguments>
<arg>expected=#</arg>
</arguments>
<msg timestamp="20170222 11:53:21.690" level="INFO">Success: Command completed successfully. - The settings were changed successfully. (2017-02-22 11:53:55)

#</msg>
<status endtime="20170222 11:53:21.690" starttime="20170222 11:53:21.689" status="PASS"></status>
</kw>
<status endtime="20170222 11:53:21.691" starttime="20170222 11:53:21.548" status="PASS"></status>
</kw>
<kw library="resources" name="Print system">
<kw library="Telnet" name="Write">
<doc>Writes the given text plus a newline into the connection.</doc>
<arguments>
<arg>show system</arg>
</arguments>
<msg timestamp="20170222 11:53:21.693" level="INFO">show disks</msg>
<status endtime="20170222 11:53:21.693" starttime="20170222 11:53:21.692" status="PASS"></status>
</kw>
<kw library="Telnet" name="Read Until">
<doc>Reads output until ``expected`` text is encountered.</doc>
<arguments>
<arg>expected=#</arg>
</arguments>
<msg timestamp="20170222 11:53:21.713" level="INFO">Location   Serial Number         Vendor   Rev   Description Usage         Jobs 
  Speed (kr/min)  Size    Sec Fmt    Disk Group Pool Tier     Health     
-------------------------------------------------------------------------------
0.0        PFV8D74E              HITACHI  A5D0  SAS         VIRTUAL POOL       
  10              300.0GB 512n       dgA01      A    Standard OK         
0.1        PFVEL5ME              HITACHI  A5D0  SAS         VIRTUAL POOL       
  10              300.0GB 512n       dgA01      A    Standard OK         
0.2        3SE0BJLA00009926Y91D  SEAGATE  DHE0  SAS         VIRTUAL POOL       
  10              300.0GB 512n       dgA01      A    Standard OK         
0.3        PFVGBJKE              HITACHI  A5D0  SAS         VIRTUAL POOL       
  10              300.0GB 512n       dgA01      A    Standard OK         
0.4        PFVBV5DE              HITACHI  A5D2  SAS         VIRTUAL POOL       
  10              300.0GB 512n       dgA01      A    Standard OK         
0.5        PFV8RRUE              HITACHI  A5D0  SAS         VIRTUAL POOL       
  10              300.0GB 512n       dgA01      A    Standard OK         
0.6        PFV8SDBE              HITACHI  A5D0  SAS         VIRTUAL POOL       
  10              300.0GB 512n       dgA01      A    Standard OK         
0.7        PFVEN64E              HITACHI  A5D0  SAS         VIRTUAL POOL       
  10              300.0GB 512n       dgA01      A    Standard OK         
0.8        PFVEXWGE              HITACHI  A5D2  SAS         AVAIL              
  10              300.0GB 512n                       N/A      OK         
0.9        PDYX5LUE              HITACHI  A5D2  SAS         AVAIL              
  10              300.0GB 512n                       N/A      OK         
0.10       3SE0FT5Y00009926L3MZ  SEAGATE  0006  SAS         AVAIL              
  10              300.0GB 512n                       N/A      OK         
0.11       PFVEXURE              HITACHI  A5D2  SAS         FAILED             
  10              300.0GB 512n                       N/A      Fault      
0.12       PFWB3UTE              HITACHI  A5D2  SAS         AVAIL              
  10              300.0GB 512n                       N/A      OK         
0.13       3SE0FBJA00009928QKKK  SEAGATE  0006  SAS         AVAIL              
  10              300.0GB 512n                       N/A      OK         
0.15       PFVEL23E              HITACHI  A5D0  SAS         AVAIL              
  10              300.0GB 512n                       N/A      OK         
0.16       PZHSV0VD              HITACHI  A360  SAS         VIRTUAL POOL       
  10              600.1GB 512n       dgB01      B    Standard OK         
0.17       3SE0FR7Y00009928QJZA  SEAGATE  0006  SAS         VIRTUAL POOL       
  10              300.0GB 512n       dgB01      B    Standard OK         
0.18       PFVGBZLE              HITACHI  A5D0  SAS         VIRTUAL POOL       
  10              300.0GB 512n       dgB01      B    Standard OK         
0.19       PFV8A31E              HITACHI  A5D0  SAS         VIRTUAL POOL       
  10              300.0GB 512n       dgB01      B    Standard OK         
0.20       PFWB3A7E              HITACHI  A5D2  SAS         VIRTUAL POOL       
  10              300.0GB 512n       dgB01      B    Standard OK         
0.21       PFVGD84E              HITACHI  A5D0  SAS         VIRTUAL POOL       
  10              300.0GB 512n       dgB01      B    Standard OK         
0.22       PFVGMHKE              HITACHI  A5D0  SAS         VIRTUAL POOL       
  10              300.0GB 512n       dgB01      B    Standard OK         
0.23       3SE0BC1000009925V61V  SEAGATE  0006  SAS         VIRTUAL POOL       
  10              300.0GB 512n       dgB01      B    Standard OK         
-------------------------------------------------------------------------------
Info: * Rates may vary. This is normal behavior. (2017-02-22 11:53:55)

Success: Command completed successfully. (2017-02-22 11:53:55)

#</msg>
<status endtime="20170222 11:53:21.713" starttime="20170222 11:53:21.693" status="PASS"></status>
</kw>
<status endtime="20170222 11:53:21.714" starttime="20170222 11:53:21.691" status="PASS"></status>
</kw>
<kw library="resources" name="Print versions">
<kw library="Telnet" name="Write">
<doc>Writes the given text plus a newline into the connection.</doc>
<arguments>
<arg>show versions</arg>
</arguments>
<msg timestamp="20170222 11:53:21.716" level="INFO">show system</msg>
<status endtime="20170222 11:53:21.716" starttime="20170222 11:53:21.715" status="PASS"></status>
</kw>
<kw library="Telnet" name="Read Until">
<doc>Reads output until ``expected`` text is encountered.</doc>
<arguments>
<arg>expected=#</arg>
</arguments>
<msg timestamp="20170222 11:53:21.907" level="INFO">show versions
System Information
------------------
System Name: Uninitialized Name
System Contact: Uninitialized Contact
System Location: Uninitialized Location
System Information: Uninitialized Info
Midplane Serial Number: 00C0FF137190
Vendor Name: 
Product ID: DH3824
Product Brand: 
SCSI Vendor ID: DotHill
SCSI Product ID: DH3824
Enclosure Count: 1
Health: Degraded
Health Reason: A subcomponent of this component is unhealthy.
Other MC Status: Operational
PFU Status: Idle
Supported Locales: English (English), Arabic (العربية), Portuguese (português), Spanish (español), French (français), German (Deutsch), Italian (italiano), Japanese (日本語), Korean (한국어), Dutch (Nederlands), Russian (русский), Chinese-Simplified (简体中文), Chinese-Traditional (繁體中文)

  Unhealthy Component
  -------------------
  Component ID: Disk 0.11
  Health: Fault
  Health Reason: Excessive media errors.
  Health Recommendation: - Replace the disk with one of the same type (SAS SSD, enterprise SAS, or midline SAS) and the same or greater capacity. For continued optimum I/O performance, the replacement disk should have performance that is the same as or better than the one it is replacing.


Success: Command completed successfully. (2017-02-22 11:53:55)

#</msg>
<status endtime="20170222 11:53:21.912" starttime="20170222 11:53:21.716" status="PASS"></status>
</kw>
<status endtime="20170222 11:53:21.913" starttime="20170222 11:53:21.714" status="PASS"></status>
</kw>
<kw library="resources" name="Print version details">
<kw library="Telnet" name="Write">
<doc>Writes the given text plus a newline into the connection.</doc>
<arguments>
<arg>show version detail</arg>
</arguments>
<msg timestamp="20170222 11:53:21.915" level="INFO">show versions</msg>
<status endtime="20170222 11:53:21.915" starttime="20170222 11:53:21.914" status="PASS"></status>
</kw>
<kw library="Telnet" name="Read Until">
<doc>Reads output until ``expected`` text is encountered.</doc>
<arguments>
<arg>expected=#</arg>
</arguments>
<msg timestamp="20170222 11:53:21.918" level="INFO">Controller A Versions
---------------------
Bundle Version: GL222P012
Build Date: Fri Sep 16 14:21:12 MDT 2016

Controller B Versions
---------------------
Bundle Version: GL222P012
Build Date: Fri Sep 16 14:21:12 MDT 2016

Success: Command completed successfully. (2017-02-22 11:53:55)

#</msg>
<status endtime="20170222 11:53:21.918" starttime="20170222 11:53:21.916" status="PASS"></status>
</kw>
<status endtime="20170222 11:53:21.919" starttime="20170222 11:53:21.913" status="PASS"></status>
</kw>
<kw library="resources" name="Print snap pools">
<kw library="Telnet" name="Write">
<doc>Writes the given text plus a newline into the connection.</doc>
<arguments>
<arg>show snap-pools</arg>
</arguments>
<msg timestamp="20170222 11:53:21.921" level="INFO">show version detail</msg>
<status endtime="20170222 11:53:21.921" starttime="20170222 11:53:21.920" status="PASS"></status>
</kw>
<kw library="Telnet" name="Read Until">
<doc>Reads output until ``expected`` text is encountered.</doc>
<arguments>
<arg>expected=#</arg>
</arguments>
<msg timestamp="20170222 11:53:22.189" level="INFO">show snap-pools
Controller A Versions
---------------------
Storage Controller CPU Type: Gladden 1300MHz
Bundle Version: GL222P012
Base Bundle Version: G22x
Build Date: Fri Sep 16 14:21:12 MDT 2016
Storage Controller Code Version: GLS222R19-01
Storage Controller Code Baselevel: GLS222R19-01
Storage Controller Loader Code Version: 27.016
CAPI Version: 3.19
Management Controller Code Version: GLM222R017-01
Management Controller Loader Code Version: 6.18.22216
Expander Controller Code Version: 3204
CPLD Code Version: 55
PRM CPLD Code Version: 6
Hardware Version: 1.1
Host Interface Module Version: 0
Host Interface Module Model: 0
Backplane Type: 7
Host Interface Hardware (Chip) Version: 2
Disk Interface Hardware (Chip) Version: 3
SC Boot Memory Reference Code Version: 1.2.1.13
CTK Version: GLM220

Controller B Versions
---------------------
Storage Controller CPU Type: Gladden 1300MHz
Bundle Version: GL222P012
Base Bundle Version: G22x
Build Date: Fri Sep 16 14:21:12 MDT 2016
Storage Controller Code Version: GLS222R19-01
Storage Controller Code Baselevel: GLS222R19-01
Storage Controller Loader Code Version: 27.016
CAPI Version: 3.19
Management Controller Code Version: GLM222R017-01
Management Controller Loader Code Version: 6.18.22216
Expander Controller Code Version: 3204
CPLD Code Version: 55
PRM CPLD Code Version: 6
Hardware Version: 1.1
Host Interface Module Version: 0
Host Interface Module Model: 0
Backplane Type: 7
Host Interface Hardware (Chip) Version: 2
Disk Interface Hardware (Chip) Version: 3
SC Boot Memory Reference Code Version: 1.2.1.13
CTK Version: GLM220

Success: Command completed successfully. (2017-02-22 11:53:55)

#</msg>
<status endtime="20170222 11:53:22.190" starttime="20170222 11:53:21.922" status="PASS"></status>
</kw>
<status endtime="20170222 11:53:22.190" starttime="20170222 11:53:21.919" status="PASS"></status>
</kw>
<kw library="resources" name="Print volumes">
<kw library="Telnet" name="Write">
<doc>Writes the given text plus a newline into the connection.</doc>
<arguments>
<arg>show volumes</arg>
</arguments>
<msg timestamp="20170222 11:53:22.192" level="INFO">show snap-pools</msg>
<status endtime="20170222 11:53:22.193" starttime="20170222 11:53:22.192" status="PASS"></status>
</kw>
<kw library="Telnet" name="Read Until">
<doc>Reads output until ``expected`` text is encountered.</doc>
<arguments>
<arg>expected=#</arg>
</arguments>
<msg timestamp="20170222 11:53:22.196" level="INFO">Vdisk Serial Number                     Name Size Free (size) Master Volumes  
  Snapshots  Status     
------------------------------------------------------------------------------
------------------------------------------------------------------------------
Success: Command completed successfully. (2017-02-22 11:53:55)

#</msg>
<status endtime="20170222 11:53:22.196" starttime="20170222 11:53:22.193" status="PASS"></status>
</kw>
<status endtime="20170222 11:53:22.196" starttime="20170222 11:53:22.191" status="PASS"></status>
</kw>
<kw library="resources" name="Print snapshots">
<kw library="Telnet" name="Write">
<doc>Writes the given text plus a newline into the connection.</doc>
<arguments>
<arg>show snapshots</arg>
</arguments>
<msg timestamp="20170222 11:53:22.198" level="INFO">show volumes</msg>
<status endtime="20170222 11:53:22.198" starttime="20170222 11:53:22.198" status="PASS"></status>
</kw>
<kw library="Telnet" name="Read Until">
<doc>Reads output until ``expected`` text is encountered.</doc>
<arguments>
<arg>expected=#</arg>
</arguments>
<msg timestamp="20170222 11:53:23.037" level="INFO">show snapshots
Pool Name                        Total Size Alloc Size Class    Type     Health 
  Reason Action 
-------------------------------------------------------------------------------
A    Snap0001_S1188              99.9GB     1287.6MB   Virtual  snapshot OK     
                
A    Snap0001_S1189              99.9GB     1287.6MB   Virtual  snapshot OK     
                
A    Snap0001_S1190              99.9GB     1287.6MB   Virtual  snapshot OK     
                
A    Snap0001_S1191              99.9GB     1287.6MB   Virtual  snapshot OK     
                
A    Snap0001_S1192              99.9GB     1287.6MB   Virtual  snapshot OK     
                
A    Snap0001_S1193              99.9GB     1287.6MB   Virtual  snapshot OK     
                
A    Snap0001_S1194              99.9GB     1287.6MB   Virtual  snapshot OK     
                
A    Snap0001_S1195              99.9GB     1287.6MB   Virtual  snapshot OK     
                
A    Snap0001_S1196              99.9GB     1287.6MB   Virtual  snapshot OK     
                
A    Snap0001_S1197              99.9GB     1287.6MB   Virtual  snapshot OK     
                
A    Snap0001_S1198              99.9GB     1287.6MB   Virtual  snapshot OK     
                
A    Snap0001_S1199              99.9GB     1287.6MB   Virtual  snapshot OK     
                
A    Snap0001_S1200              99.9GB     1287.6MB   Virtual  snapshot OK     
                
A    Snap0001_S1201              99.9GB     1287.6MB   Virtual  snapshot OK     
                
A    Snap0001_S1202              99.9GB     1287.6MB   Virtual  snapshot OK     
                
A    Snap0001_S1203              99.9GB     1287.6MB   Virtual  snapshot OK     
                
A    Snap0001_S1204              99.9GB     1287.6MB   Virtual  snapshot OK     
                
A    Snap0001_S1205              99.9GB     1287.6MB   Virtual  snapshot OK     
                
A    Snap0001_S1206              99.9GB     1287.6MB   Virtual  snapshot OK     
                
A    Snap0001_S1207              99.9GB     1287.6MB   Virtual  snapshot OK     
                
A    Snap0001_S1208              99.9GB     1287.6MB   Virtual  snapshot OK     
                
A    Snap0001_S1210              99.9GB     1287.6MB   Virtual  snapshot OK     
                
A    Snap0001_S1211              99.9GB     1287.6MB   Virtual  snapshot OK     
                
A    Snap0001_S1212              99.9GB     1287.6MB   Virtual  snapshot OK     
                
A    Snap0001_S1213              99.9GB     1287.6MB   Virtual  snapshot OK     
                
A    Snap0001_S1214              99.9GB     1287.6MB   Virtual  snapshot OK     
                
A    Snap0001_S1215              99.9GB     1287.6MB   Virtual  snapshot OK     
                
A    Snap0001_S1216              99.9GB     1287.6MB   Virtual  snapshot OK     
                
A    Snap0001_S1217              99.9GB     1287.6MB   Virtual  snapshot OK     
                
A    Snap0001_S1218              99.9GB     1287.6MB   Virtual  snapshot OK     
                
A    Snap0001_S1219              99.9GB     1287.6MB   Virtual  snapshot OK     
                
A    Snap0001_S1220              99.9GB     1287.6MB   Virtual  snapshot OK     
                
A    Vol00010000                 99.9GB     1363.1MB   Virtual  base     OK     
                
A    Vol00010000_s0001           99.9GB     1287.6MB   Virtual  snapshot OK     
                
A    Vol00010000_s0001_s0001     99.9GB     1287.6MB   Virtual  snapshot OK     
                
A    Vol00010000_s0001s01_S0080  99.9GB     1287.6MB   Virtual  snapshot OK     
                
A    Vol00010000_s0001s01_S0081  99.9GB     1287.6MB   Virtual  snapshot OK     
                
A    Vol00010000_s0001s01_S0082  99.9GB     1287.6MB   Virtual  snapshot OK     
                
A    Vol00010000_s0001s01_S0083  99.9GB     1287.6MB   Virtual  snapshot OK     
                
A    Vol00010000_s0001s01_S0084  99.9GB     1287.6MB   Virtual  snapshot OK     
                
A    Vol00010000_s0001s01_S0085  99.9GB     1287.6MB   Virtual  snapshot OK     
                
A    Vol00010000_s0001s01_S0086  99.9GB     1287.6MB   Virtual  snapshot OK     
                
A    Vol00010000_s0001s01_S0087  99.9GB     1287.6MB   Virtual  snapshot OK     
                
A    Vol00010000_s0001s01_S0088  99.9GB     1287.6MB   Virtual  snapshot OK     
                
A    Vol00010000_s0001s01_S0089  99.9GB     1287.6MB   Virtual  snapshot OK     
                
A    Vol00010000_s0001s01_S0090  99.9GB     1287.6MB   Virtual  snapshot OK     
                
A    Vol00010000_s0001s01_S0091  99.9GB     1287.6MB   Virtual  snapshot OK     
                
A    Vol00010000_s0001s01_S0092  99.9GB     1287.6MB   Virtual  snapshot OK     
                
A    Vol00010000_s0001s01_S0093  99.9GB     1287.6MB   Virtual  snapshot OK     
                
A    Vol00010000_s0001s01_S0094  99.9GB     1287.6MB   Virtual  snapshot OK     
                
A    Vol00010000_s0001s01_S0095  99.9GB     1287.6MB   Virtual  snapshot OK     
                
A    Vol00010000_s0001s01_S0096  99.9GB     1287.6MB   Virtual  snapshot OK     
                
A    Vol00010000_s0001s01_S0097  99.9GB     1287.6MB   Virtual  snapshot OK     
                
A    Vol00010000_s0001s01_S0098  99.9GB     1287.6MB   Virtual  snapshot OK     
                
A    Vol00010000_s0001s01_S0099  99.9GB     1287.6MB   Virtual  snapshot OK     
                
A    Vol00010000_s0001s01_S0100  99.9GB     1287.6MB   Virtual  snapshot OK     
                
A    Vol00010000_s0001s01_S0101  99.9GB     1287.6MB   Virtual  snapshot OK     
                
A    Vol00010000_s0001s01_S0102  99.9GB     1287.6MB   Virtual  snapshot OK     
                
A    Vol00010000_s0001s01_S0103  99.9GB     1287.6MB   Virtual  snapshot OK     
                
A    Vol00010000_s0001s01_S0104  99.9GB     1287.6MB   Virtual  snapshot OK     
                
A    Vol00010000_s0001s01_S0105  99.9GB     1287.6MB   Virtual  snapshot OK     
                
A    Vol00010000_s0001s01_S0106  99.9GB     1287.6MB   Virtual  snapshot OK     
                
A    Vol00010000_s0001s01_S0107  99.9GB     1287.6MB   Virtual  snapshot OK     
                
A    Vol00010000_s0001s01_S0108  99.9GB     1287.6MB   Virtual  snapshot OK     
                
A    Vol00010000_s0001s01_S0109  99.9GB     1287.6MB   Virtual  snapshot OK     
                
A    Vol00010000_s0001s01_S0110  99.9GB     1287.6MB   Virtual  snapshot OK     
                
A    Vol00010000_s0001s01_S0111  99.9GB     1287.6MB   Virtual  snapshot OK     
                
A    Vol00010000_s0002           99.9GB     1287.6MB   Virtual  snapshot OK     
                
A    Vol00010000_s0002s01_S0172  99.9GB     1287.6MB   Virtual  snapshot OK     
                
A    Vol00010000_s0002s01_S0173  99.9GB     1287.6MB   Virtual  snapshot OK     
                
A    Vol00010000_s0002s01_S0174  99.9GB     1287.6MB   Virtual  snapshot OK     
                
A    Vol00010000_s0002s01_S0175  99.9GB     1287.6MB   Virtual  snapshot OK     
                
A    Vol00010000_s0002s01_S0176  99.9GB     1287.6MB   Virtual  snapshot OK     
                
A    Vol00010000_s0002s01_S0177  99.9GB     1287.6MB   Virtual  snapshot OK     
                
A    Vol00010000_s0002s01_S0178  99.9GB     1287.6MB   Virtual  snapshot OK     
                
A    Vol00010000_s0002s01_S0179  99.9GB     1287.6MB   Virtual  snapshot OK     
                
A    Vol00010000_s0002s01_S0180  99.9GB     1287.6MB   Virtual  snapshot OK     
                
A    Vol00010000_s0002s01_S0181  99.9GB     1287.6MB   Virtual  snapshot OK     
                
A    Vol00010000_s0002s01_S0182  99.9GB     1287.6MB   Virtual  snapshot OK     
                
A    Vol00010000_s0002s01_S0183  99.9GB     1287.6MB   Virtual  snapshot OK     
                
A    Vol00010000_s0002s01_S0184  99.9GB     1287.6MB   Virtual  snapshot OK     
                
A    Vol00010000_s0002s01_S0185  99.9GB     1287.6MB   Virtual  snapshot OK     
                
A    Vol00010000_s0002s01_S0186  99.9GB     1287.6MB   Virtual  snapshot OK     
                
A    Vol00010000_s0002s01_S0187  99.9GB     1287.6MB   Virtual  snapshot OK     
                
A    Vol00010000_s0002s01_S0188  99.9GB     1287.6MB   Virtual  snapshot OK     
                
A    Vol00010000_s0002s01_S0189  99.9GB     1287.6MB   Virtual  snapshot OK     
                
A    Vol00010000_s0002s01_S0190  99.9GB     1287.6MB   Virtual  snapshot OK     
                
A    Vol00010000_s0002s01_S0191  99.9GB     1287.6MB   Virtual  snapshot OK     
                
A    Vol00010000_s0002s01_S0192  99.9GB     1287.6MB   Virtual  snapshot OK     
                
A    Vol00010000_s0002s01_S0193  99.9GB     1287.6MB   Virtual  snapshot OK     
                
A    Vol00010000_s0002s01_S0194  99.9GB     1287.6MB   Virtual  snapshot OK     
                
A    Vol00010000_s0002s01_S0195  99.9GB     1287.6MB   Virtual  snapshot OK     
                
A    Vol00010000_s0002s01_S0196  99.9GB     1287.6MB   Virtual  snapshot OK     
                
A    Vol00010000_s0002s01_S0197  99.9GB     1287.6MB   Virtual  snapshot OK     
                
A    Vol00010000_s0002s01_S0198  99.9GB     1287.6MB   Virtual  snapshot OK     
                
A    Vol00010000_s0002s01_S0199  99.9GB     1287.6MB   Virtual  snapshot OK     
                
A    Vol00010000_s0002s01_S0200  99.9GB     1287.6MB   Virtual  snapshot OK     
                
A    Vol00010000_s0002s01_S0201  99.9GB     1287.6MB   Virtual  snapshot OK     
                
A    Vol00010000_s0002s01_S0202  99.9GB     1287.6MB   Virtual  snapshot OK     
                
A    Vol00010000_s0002s01_S0203  99.9GB     1287.6MB   Virtual  snapshot OK     
                
A    Vol00010000s01_S0091        99.9GB     1287.6MB   Virtual  snapshot OK     
                
A    Vol00010000s01_S0092        99.9GB     1287.6MB   Virtual  snapshot OK     
                
A    Vol00010000s01_S0093        99.9GB     1287.6MB   Virtual  snapshot OK     
                
A    Vol00010000s01_S0094        99.9GB     1287.6MB   Virtual  snapshot OK     
                
A    Vol00010000s01_S0095        99.9GB     1287.6MB   Virtual  snapshot OK     
                
A    Vol00010000s01_S0096        99.9GB     1287.6MB   Virtual  snapshot OK     
                
A    Vol00010000s01_S0097        99.9GB     1287.6MB   Virtual  snapshot OK     
                
A    Vol00010000s01_S0098        99.9GB     1287.6MB   Virtual  snapshot OK     
                
A    Vol00010000s01_S0099        99.9GB     1287.6MB   Virtual  snapshot OK     
                
A    Vol00010000s01_S0100        99.9GB     1287.6MB   Virtual  snapshot OK     
                
A    Vol00010000s01_S0101        99.9GB     1287.6MB   Virtual  snapshot OK     
                
A    Vol00010000s01_S0102        99.9GB     1287.6MB   Virtual  snapshot OK     
                
A    Vol00010000s01_S0103        99.9GB     1287.6MB   Virtual  snapshot OK     
                
A    Vol00010000s01_S0104        99.9GB     1287.6MB   Virtual  snapshot OK     
                
A    Vol00010000s01_S0105        99.9GB     1287.6MB   Virtual  snapshot OK     
                
A    Vol00010000s01_S0106        99.9GB     1287.6MB   Virtual  snapshot OK     
                
A    Vol00010000s01_S0107        99.9GB     1287.6MB   Virtual  snapshot OK     
                
A    Vol00010000s01_S0108        99.9GB     1287.6MB   Virtual  snapshot OK     
                
A    Vol00010000s01_S0109        99.9GB     1287.6MB   Virtual  snapshot OK     
                
A    Vol00010000s01_S0110        99.9GB     1287.6MB   Virtual  snapshot OK     
                
A    Vol00010000s01_S0111        99.9GB     1287.6MB   Virtual  snapshot OK     
                
A    Vol00010000s01_S0112        99.9GB     1287.6MB   Virtual  snapshot OK     
                
A    Vol00010000s01_S0113        99.9GB     1287.6MB   Virtual  snapshot OK     
                
A    Vol00010000s01_S0114        99.9GB     1287.6MB   Virtual  snapshot OK     
                
A    Vol00010000s01_S0115        99.9GB     1287.6MB   Virtual  snapshot OK     
                
A    Vol00010000s01_S0116        99.9GB     1287.6MB   Virtual  snapshot OK     
                
A    Vol00010000s01_S0117        99.9GB     1287.6MB   Virtual  snapshot OK     
                
A    Vol00010000s01_S0118        99.9GB     1287.6MB   Virtual  snapshot OK     
                
A    Vol00010000s01_S0119        99.9GB     1287.6MB   Virtual  snapshot OK     
                
A    Vol00010000s01_S0120        99.9GB     1287.6MB   Virtual  snapshot OK     
                
A    Vol00010000s01_S0121        99.9GB     1287.6MB   Virtual  snapshot OK     
                
A    Vol00010000s01_S0122        99.9GB     1287.6MB   Virtual  snapshot OK     
                
A    Vol00010001                 99.9GB     1371.5MB   Virtual  base     OK     
                
A    Vol00010001_s0001           99.9GB     1275.0MB   Virtual  snapshot OK     
                
A    Vol00010001_s0001_s0001     99.9GB     1275.0MB   Virtual  snapshot OK     
                
A    Vol00010001_s0001s01_S0212  99.9GB     1275.0MB   Virtual  snapshot OK     
                
A    Vol00010001_s0001s01_S0213  99.9GB     1275.0MB   Virtual  snapshot OK     
                
A    Vol00010001_s0001s01_S0214  99.9GB     1275.0MB   Virtual  snapshot OK     
                
A    Vol00010001_s0001s01_S0215  99.9GB     1275.0MB   Virtual  snapshot OK     
                
A    Vol00010001_s0001s01_S0216  99.9GB     1275.0MB   Virtual  snapshot OK     
                
A    Vol00010001_s0001s01_S0217  99.9GB     1275.0MB   Virtual  snapshot OK     
                
A    Vol00010001_s0001s01_S0218  99.9GB     1275.0MB   Virtual  snapshot OK     
                
A    Vol00010001_s0001s01_S0219  99.9GB     1275.0MB   Virtual  snapshot OK     
                
A    Vol00010001_s0001s01_S0220  99.9GB     1275.0MB   Virtual  snapshot OK     
                
A    Vol00010001_s0001s01_S0221  99.9GB     1275.0MB   Virtual  snapshot OK     
                
A    Vol00010001_s0001s01_S0222  99.9GB     1275.0MB   Virtual  snapshot OK     
                
A    Vol00010001_s0001s01_S0223  99.9GB     1275.0MB   Virtual  snapshot OK     
                
A    Vol00010001_s0001s01_S0224  99.9GB     1275.0MB   Virtual  snapshot OK     
                
A    Vol00010001_s0001s01_S0225  99.9GB     1275.0MB   Virtual  snapshot OK     
                
A    Vol00010001_s0001s01_S0226  99.9GB     1275.0MB   Virtual  snapshot OK     
                
A    Vol00010001_s0001s01_S0227  99.9GB     1275.0MB   Virtual  snapshot OK     
                
A    Vol00010001_s0001s01_S0228  99.9GB     1275.0MB   Virtual  snapshot OK     
                
A    Vol00010001_s0001s01_S0229  99.9GB     1275.0MB   Virtual  snapshot OK     
                
A    Vol00010001_s0001s01_S0230  99.9GB     1275.0MB   Virtual  snapshot OK     
                
A    Vol00010001_s0001s01_S0231  99.9GB     1275.0MB   Virtual  snapshot OK     
                
A    Vol00010001_s0001s01_S0232  99.9GB     1275.0MB   Virtual  snapshot OK     
                
A    Vol00010001_s0001s01_S0233  99.9GB     1275.0MB   Virtual  snapshot OK     
                
A    Vol00010001_s0001s01_S0234  99.9GB     1275.0MB   Virtual  snapshot OK     
                
A    Vol00010001_s0001s01_S0235  99.9GB     1275.0MB   Virtual  snapshot OK     
                
A    Vol00010001_s0001s01_S0236  99.9GB     1275.0MB   Virtual  snapshot OK     
                
A    Vol00010001_s0001s01_S0237  99.9GB     1275.0MB   Virtual  snapshot OK     
                
A    Vol00010001_s0001s01_S0238  99.9GB     1275.0MB   Virtual  snapshot OK     
                
A    Vol00010001_s0001s01_S0239  99.9GB     1275.0MB   Virtual  snapshot OK     
                
A    Vol00010001_s0001s01_S0240  99.9GB     1275.0MB   Virtual  snapshot OK     
                
A    Vol00010001_s0001s01_S0241  99.9GB     1275.0MB   Virtual  snapshot OK     
                
A    Vol00010001_s0001s01_S0242  99.9GB     1275.0MB   Virtual  snapshot OK     
                
A    Vol00010001_s0001s01_S0243  99.9GB     1275.0MB   Virtual  snapshot OK     
                
A    Vol00010001_s0002           99.9GB     1275.0MB   Virtual  snapshot OK     
                
A    Vol00010001s01_S0092        99.9GB     1275.0MB   Virtual  snapshot OK     
                
A    Vol00010001s01_S0093        99.9GB     1275.0MB   Virtual  snapshot OK     
                
A    Vol00010001s01_S0094        99.9GB     1275.0MB   Virtual  snapshot OK     
                
A    Vol00010001s01_S0095        99.9GB     1275.0MB   Virtual  snapshot OK     
                
A    Vol00010001s01_S0096        99.9GB     1275.0MB   Virtual  snapshot OK     
                
A    Vol00010001s01_S0097        99.9GB     1275.0MB   Virtual  snapshot OK     
                
A    Vol00010001s01_S0098        99.9GB     1275.0MB   Virtual  snapshot OK     
                
A    Vol00010001s01_S0099        99.9GB     1275.0MB   Virtual  snapshot OK     
                
A    Vol00010001s01_S0100        99.9GB     1275.0MB   Virtual  snapshot OK     
                
A    Vol00010001s01_S0101        99.9GB     1275.0MB   Virtual  snapshot OK     
                
A    Vol00010001s01_S0102        99.9GB     1275.0MB   Virtual  snapshot OK     
                
A    Vol00010001s01_S0103        99.9GB     1275.0MB   Virtual  snapshot OK     
                
A    Vol00010001s01_S0104        99.9GB     1275.0MB   Virtual  snapshot OK     
                
A    Vol00010001s01_S0105        99.9GB     1275.0MB   Virtual  snapshot OK     
                
A    Vol00010001s01_S0106        99.9GB     1275.0MB   Virtual  snapshot OK     
                
A    Vol00010001s01_S0107        99.9GB     1275.0MB   Virtual  snapshot OK     
                
A    Vol00010001s01_S0108        99.9GB     1275.0MB   Virtual  snapshot OK     
                
A    Vol00010001s01_S0109        99.9GB     1275.0MB   Virtual  snapshot OK     
                
A    Vol00010001s01_S0110        99.9GB     1275.0MB   Virtual  snapshot OK     
                
A    Vol00010001s01_S0111        99.9GB     1275.0MB   Virtual  snapshot OK     
                
A    Vol00010001s01_S0112        99.9GB     1275.0MB   Virtual  snapshot OK     
                
A    Vol00010001s01_S0113        99.9GB     1275.0MB   Virtual  snapshot OK     
                
A    Vol00010001s01_S0114        99.9GB     1275.0MB   Virtual  snapshot OK     
                
A    Vol00010001s01_S0115        99.9GB     1275.0MB   Virtual  snapshot OK     
                
A    Vol00010001s01_S0116        99.9GB     1275.0MB   Virtual  snapshot OK     
                
A    Vol00010001s01_S0117        99.9GB     1275.0MB   Virtual  snapshot OK     
                
A    Vol00010001s01_S0118        99.9GB     1275.0MB   Virtual  snapshot OK     
                
A    Vol00010001s01_S0119        99.9GB     1275.0MB   Virtual  snapshot OK     
                
A    Vol00010001s01_S0120        99.9GB     1275.0MB   Virtual  snapshot OK     
                
A    Vol00010001s01_S0121        99.9GB     1275.0MB   Virtual  snapshot OK     
                
A    Vol00010001s01_S0122        99.9GB     1275.0MB   Virtual  snapshot OK     
                
A    Vol00010001s01_S0123        99.9GB     1275.0MB   Virtual  snapshot OK     
                
B    cc0000                      99.9GB     1354.7MB   Virtual  base     OK     
                
B    cc0000_s0001                99.9GB     1300.2MB   Virtual  snapshot OK     
                
B    cc0000_s0001_s0001          99.9GB     1300.2MB   Virtual  snapshot OK     
                
B    cc0000_s0001s01_S0473       99.9GB     1300.2MB   Virtual  snapshot OK     
                
B    cc0000_s0001s01_S0474       99.9GB     1300.2MB   Virtual  snapshot OK     
                
B    cc0000_s0001s01_S0475       99.9GB     1300.2MB   Virtual  snapshot OK     
                
B    cc0000_s0001s01_S0476       99.9GB     1300.2MB   Virtual  snapshot OK     
                
B    cc0000_s0001s01_S0477       99.9GB     1300.2MB   Virtual  snapshot OK     
                
B    cc0000_s0001s01_S0478       99.9GB     1300.2MB   Virtual  snapshot OK     
                
B    cc0000_s0001s01_S0479       99.9GB     1300.2MB   Virtual  snapshot OK     
                
B    cc0000_s0001s01_S0480       99.9GB     1300.2MB   Virtual  snapshot OK     
                
B    cc0000_s0001s01_S0481       99.9GB     1300.2MB   Virtual  snapshot OK     
                
B    cc0000_s0001s01_S0482       99.9GB     1300.2MB   Virtual  snapshot OK     
                
B    cc0000_s0001s01_S0483       99.9GB     1300.2MB   Virtual  snapshot OK     
                
B    cc0000_s0001s01_S0484       99.9GB     1300.2MB   Virtual  snapshot OK     
                
B    cc0000_s0001s01_S0485       99.9GB     1300.2MB   Virtual  snapshot OK     
                
B    cc0000_s0001s01_S0486       99.9GB     1300.2MB   Virtual  snapshot OK     
                
B    cc0000_s0001s01_S0487       99.9GB     1300.2MB   Virtual  snapshot OK     
                
B    cc0000_s0001s01_S0488       99.9GB     1300.2MB   Virtual  snapshot OK     
                
B    cc0000_s0001s01_S0489       99.9GB     1300.2MB   Virtual  snapshot OK     
                
B    cc0000_s0001s01_S0490       99.9GB     1300.2MB   Virtual  snapshot OK     
                
B    cc0000_s0001s01_S0491       99.9GB     1300.2MB   Virtual  snapshot OK     
                
B    cc0000_s0001s01_S0492       99.9GB     1300.2MB   Virtual  snapshot OK     
                
B    cc0000_s0001s01_S0493       99.9GB     1300.2MB   Virtual  snapshot OK     
                
B    cc0000_s0001s01_S0494       99.9GB     1300.2MB   Virtual  snapshot OK     
                
B    cc0000_s0001s01_S0495       99.9GB     1300.2MB   Virtual  snapshot OK     
                
B    cc0000_s0001s01_S0496       99.9GB     1300.2MB   Virtual  snapshot OK     
                
B    cc0000_s0001s01_S0497       99.9GB     1300.2MB   Virtual  snapshot OK     
                
B    cc0000_s0001s01_S0498       99.9GB     1300.2MB   Virtual  snapshot OK     
                
B    cc0000_s0001s01_S0499       99.9GB     1300.2MB   Virtual  snapshot OK     
                
B    cc0000_s0001s01_S0500       99.9GB     1300.2MB   Virtual  snapshot OK     
                
B    cc0000_s0001s01_S0501       99.9GB     1300.2MB   Virtual  snapshot OK     
                
B    cc0000_s0001s01_S0502       99.9GB     1300.2MB   Virtual  snapshot OK     
                
B    cc0000_s0001s01_S0503       99.9GB     1300.2MB   Virtual  snapshot OK     
                
B    cc0000_s0001s01_S0504       99.9GB     1300.2MB   Virtual  snapshot OK     
                
B    cc0000_s0002                99.9GB     1300.2MB   Virtual  snapshot OK     
                
B    cc0000s01_S0001             99.9GB     1300.2MB   Virtual  snapshot OK     
                
B    cc0000s01_S0121             99.9GB     1300.2MB   Virtual  snapshot OK     
                
B    cc0000s01_S0122             99.9GB     1300.2MB   Virtual  snapshot OK     
                
B    cc0000s01_S0123             99.9GB     1300.2MB   Virtual  snapshot OK     
                
B    cc0000s01_S0124             99.9GB     1300.2MB   Virtual  snapshot OK     
                
B    cc0000s01_S0125             99.9GB     1300.2MB   Virtual  snapshot OK     
                
B    cc0000s01_S0126             99.9GB     1300.2MB   Virtual  snapshot OK     
                
B    cc0000s01_S0127             99.9GB     1300.2MB   Virtual  snapshot OK     
                
B    cc0000s01_S0128             99.9GB     1300.2MB   Virtual  snapshot OK     
                
B    cc0000s01_S0129             99.9GB     1300.2MB   Virtual  snapshot OK     
                
B    cc0000s01_S0130             99.9GB     1300.2MB   Virtual  snapshot OK     
                
B    cc0000s01_S0131             99.9GB     1300.2MB   Virtual  snapshot OK     
                
B    cc0000s01_S0132             99.9GB     1300.2MB   Virtual  snapshot OK     
                
B    cc0000s01_S0133             99.9GB     1300.2MB   Virtual  snapshot OK     
                
B    cc0000s01_S0134             99.9GB     1300.2MB   Virtual  snapshot OK     
                
B    cc0000s01_S0135             99.9GB     1300.2MB   Virtual  snapshot OK     
                
B    cc0000s01_S0136             99.9GB     1300.2MB   Virtual  snapshot OK     
                
B    cc0000s01_S0137             99.9GB     1300.2MB   Virtual  snapshot OK     
                
B    cc0000s01_S0138             99.9GB     1300.2MB   Virtual  snapshot OK     
                
B    cc0000s01_S0139             99.9GB     1300.2MB   Virtual  snapshot OK     
                
B    cc0000s01_S0140             99.9GB     1300.2MB   Virtual  snapshot OK     
                
B    cc0000s01_S0141             99.9GB     1300.2MB   Virtual  snapshot OK     
                
B    cc0000s01_S0142             99.9GB     1300.2MB   Virtual  snapshot OK     
                
B    cc0000s01_S0143             99.9GB     1300.2MB   Virtual  snapshot OK     
                
B    cc0000s01_S0144             99.9GB     1300.2MB   Virtual  snapshot OK     
                
B    cc0000s01_S0145             99.9GB     1300.2MB   Virtual  snapshot OK     
                
B    cc0000s01_S0146             99.9GB     1300.2MB   Virtual  snapshot OK     
                
B    cc0000s01_S0147             99.9GB     1300.2MB   Virtual  snapshot OK     
                
B    cc0000s01_S0148             99.9GB     1300.2MB   Virtual  snapshot OK     
                
B    cc0000s01_S0149             99.9GB     1300.2MB   Virtual  snapshot OK     
                
B    cc0000s01_S0150             99.9GB     1300.2MB   Virtual  snapshot OK     
                
B    cc0000s01_S0151             99.9GB     1300.2MB   Virtual  snapshot OK     
                
B    cc0000s01_S0152             99.9GB     1300.2MB   Virtual  snapshot OK     
                
B    cc0001                      99.9GB     1346.3MB   Virtual  base     OK     
                
B    cc0001_s0001                99.9GB     1291.8MB   Virtual  snapshot OK     
                
B    cc0001_s0001_s0001          99.9GB     1291.8MB   Virtual  snapshot OK     
                
B    cc0001_s0001s01_S0351       99.9GB     1291.8MB   Virtual  snapshot OK     
                
B    cc0001_s0001s01_S0352       99.9GB     1291.8MB   Virtual  snapshot OK     
                
B    cc0001_s0001s01_S0353       99.9GB     1291.8MB   Virtual  snapshot OK     
                
B    cc0001_s0001s01_S0354       99.9GB     1291.8MB   Virtual  snapshot OK     
                
B    cc0001_s0001s01_S0355       99.9GB     1291.8MB   Virtual  snapshot OK     
                
B    cc0001_s0001s01_S0356       99.9GB     1291.8MB   Virtual  snapshot OK     
                
B    cc0001_s0001s01_S0357       99.9GB     1291.8MB   Virtual  snapshot OK     
                
B    cc0001_s0001s01_S0358       99.9GB     1291.8MB   Virtual  snapshot OK     
                
B    cc0001_s0001s01_S0359       99.9GB     1291.8MB   Virtual  snapshot OK     
                
B    cc0001_s0001s01_S0360       99.9GB     1291.8MB   Virtual  snapshot OK     
                
B    cc0001_s0001s01_S0361       99.9GB     1291.8MB   Virtual  snapshot OK     
                
B    cc0001_s0001s01_S0362       99.9GB     1291.8MB   Virtual  snapshot OK     
                
B    cc0001_s0001s01_S0363       99.9GB     1291.8MB   Virtual  snapshot OK     
                
B    cc0001_s0001s01_S0364       99.9GB     1291.8MB   Virtual  snapshot OK     
                
B    cc0001_s0001s01_S0365       99.9GB     1291.8MB   Virtual  snapshot OK     
                
B    cc0001_s0001s01_S0366       99.9GB     1291.8MB   Virtual  snapshot OK     
                
B    cc0001_s0001s01_S0367       99.9GB     1291.8MB   Virtual  snapshot OK     
                
B    cc0001_s0001s01_S0368       99.9GB     1291.8MB   Virtual  snapshot OK     
                
B    cc0001_s0001s01_S0369       99.9GB     1291.8MB   Virtual  snapshot OK     
                
B    cc0001_s0001s01_S0370       99.9GB     1291.8MB   Virtual  snapshot OK     
                
B    cc0001_s0001s01_S0371       99.9GB     1291.8MB   Virtual  snapshot OK     
                
B    cc0001_s0001s01_S0372       99.9GB     1291.8MB   Virtual  snapshot OK     
                
B    cc0001_s0001s01_S0373       99.9GB     1291.8MB   Virtual  snapshot OK     
                
B    cc0001_s0001s01_S0374       99.9GB     1291.8MB   Virtual  snapshot OK     
                
B    cc0001_s0001s01_S0375       99.9GB     1291.8MB   Virtual  snapshot OK     
                
B    cc0001_s0001s01_S0376       99.9GB     1291.8MB   Virtual  snapshot OK     
                
B    cc0001_s0001s01_S0377       99.9GB     1291.8MB   Virtual  snapshot OK     
                
B    cc0001_s0001s01_S0378       99.9GB     1291.8MB   Virtual  snapshot OK     
                
B    cc0001_s0001s01_S0379       99.9GB     1291.8MB   Virtual  snapshot OK     
                
B    cc0001_s0001s01_S0380       99.9GB     1291.8MB   Virtual  snapshot OK     
                
B    cc0001_s0001s01_S0381       99.9GB     1291.8MB   Virtual  snapshot OK     
                
B    cc0001_s0001s01_S0382       99.9GB     1291.8MB   Virtual  snapshot OK     
                
B    cc0001_s0002                99.9GB     1291.8MB   Virtual  snapshot OK     
                
B    cc0001s01_S0272             99.9GB     1291.8MB   Virtual  snapshot OK     
                
B    cc0001s01_S0273             99.9GB     1291.8MB   Virtual  snapshot OK     
                
B    cc0001s01_S0274             99.9GB     1291.8MB   Virtual  snapshot OK     
                
B    cc0001s01_S0275             99.9GB     1291.8MB   Virtual  snapshot OK     
                
B    cc0001s01_S0276             99.9GB     1291.8MB   Virtual  snapshot OK     
                
B    cc0001s01_S0277             99.9GB     1291.8MB   Virtual  snapshot OK     
                
B    cc0001s01_S0278             99.9GB     1291.8MB   Virtual  snapshot OK     
                
B    cc0001s01_S0279             99.9GB     1291.8MB   Virtual  snapshot OK     
                
B    cc0001s01_S0280             99.9GB     1291.8MB   Virtual  snapshot OK     
                
B    cc0001s01_S0281             99.9GB     1291.8MB   Virtual  snapshot OK     
                
B    cc0001s01_S0282             99.9GB     1291.8MB   Virtual  snapshot OK     
                
B    cc0001s01_S0283             99.9GB     1291.8MB   Virtual  snapshot OK     
                
B    cc0001s01_S0284             99.9GB     1291.8MB   Virtual  snapshot OK     
                
B    cc0001s01_S0285             99.9GB     1291.8MB   Virtual  snapshot OK     
                
B    cc0001s01_S0286             99.9GB     1291.8MB   Virtual  snapshot OK     
                
B    cc0001s01_S0287             99.9GB     1291.8MB   Virtual  snapshot OK     
                
B    cc0001s01_S0288             99.9GB     1291.8MB   Virtual  snapshot OK     
                
B    cc0001s01_S0289             99.9GB     1291.8MB   Virtual  snapshot OK     
                
B    cc0001s01_S0290             99.9GB     1291.8MB   Virtual  snapshot OK     
                
B    cc0001s01_S0291             99.9GB     1291.8MB   Virtual  snapshot OK     
                
B    cc0001s01_S0292             99.9GB     1291.8MB   Virtual  snapshot OK     
                
B    cc0001s01_S0293             99.9GB     1291.8MB   Virtual  snapshot OK     
                
B    cc0001s01_S0294             99.9GB     1291.8MB   Virtual  snapshot OK     
                
B    cc0001s01_S0295             99.9GB     1291.8MB   Virtual  snapshot OK     
                
B    cc0001s01_S0296             99.9GB     1291.8MB   Virtual  snapshot OK     
                
B    cc0001s01_S0297             99.9GB     1291.8MB   Virtual  snapshot OK     
                
B    cc0001s01_S0298             99.9GB     1291.8MB   Virtual  snapshot OK     
                
B    cc0001s01_S0299             99.9GB     1291.8MB   Virtual  snapshot OK     
                
B    cc0001s01_S0300             99.9GB     1291.8MB   Virtual  snapshot OK     
                
B    cc0001s01_S0301             99.9GB     1291.8MB   Virtual  snapshot OK     
                
B    cc0001s01_S0302             99.9GB     1291.8MB   Virtual  snapshot OK     
                
B    cc0001s01_S0303             99.9GB     1291.8MB   Virtual  snapshot OK     
                
-------------------------------------------------------------------------------
Success: Command completed successfully. (2017-02-22 11:53:56)

#</msg>
<status endtime="20170222 11:53:23.038" starttime="20170222 11:53:22.199" status="PASS"></status>
</kw>
<status endtime="20170222 11:53:23.038" starttime="20170222 11:53:22.197" status="PASS"></status>
</kw>
<kw library="resources" name="Print host-parameters">
<kw library="Telnet" name="Write">
<doc>Writes the given text plus a newline into the connection.</doc>
<arguments>
<arg>show host-parameters</arg>
</arguments>
<msg timestamp="20170222 11:53:23.041" level="INFO">show snapshots</msg>
<status endtime="20170222 11:53:23.041" starttime="20170222 11:53:23.040" status="PASS"></status>
</kw>
<kw library="Telnet" name="Read Until">
<doc>Reads output until ``expected`` text is encountered.</doc>
<arguments>
<arg>expected=#</arg>
</arguments>
<msg timestamp="20170222 11:53:23.706" level="INFO">show host-parameters
Pool Name                        Creation Date/Time  Status    Status-Reason 
  Parent Volume            Base Vol     Snaps TreeSnaps Snap-Pool Snap Data  
  Unique Data  Shared Data  Retention Priority  
-----------------------------------------------------------------------------
A    Snap0001_S1188              2017-01-31 13:25:11 Available N/A           
  Vol00010000_s0001_s0001  Vol00010000  0     132       N/A       1287.6MB   
  0B           1287.6MB     medium              
A    Snap0001_S1189              2017-01-31 12:53:12 Available N/A           
  Vol00010000_s0001_s0001  Vol00010000  0     132       N/A       1287.6MB   
  0B           1287.6MB     medium              
A    Snap0001_S1190              2017-01-31 12:56:19 Available N/A           
  Vol00010000_s0001_s0001  Vol00010000  0     132       N/A       1287.6MB   
  0B           1287.6MB     medium              
A    Snap0001_S1191              2017-01-31 12:56:44 Available N/A           
  Vol00010000_s0001_s0001  Vol00010000  0     132       N/A       1287.6MB   
  0B           1287.6MB     medium              
A    Snap0001_S1192              2017-01-31 12:58:55 Available N/A           
  Vol00010000_s0001_s0001  Vol00010000  0     132       N/A       1287.6MB   
  0B           1287.6MB     medium              
A    Snap0001_S1193              2017-01-31 12:59:46 Available N/A           
  Vol00010000_s0001_s0001  Vol00010000  0     132       N/A       1287.6MB   
  0B           1287.6MB     medium              
A    Snap0001_S1194              2017-01-31 13:00:07 Available N/A           
  Vol00010000_s0001_s0001  Vol00010000  0     132       N/A       1287.6MB   
  0B           1287.6MB     medium              
A    Snap0001_S1195              2017-01-31 13:00:41 Available N/A           
  Vol00010000_s0001_s0001  Vol00010000  0     132       N/A       1287.6MB   
  0B           1287.6MB     medium              
A    Snap0001_S1196              2017-01-31 13:01:02 Available N/A           
  Vol00010000_s0001_s0001  Vol00010000  0     132       N/A       1287.6MB   
  0B           1287.6MB     medium              
A    Snap0001_S1197              2017-01-31 13:02:43 Available N/A           
  Vol00010000_s0001_s0001  Vol00010000  0     132       N/A       1287.6MB   
  0B           1287.6MB     medium              
A    Snap0001_S1198              2017-01-31 13:03:03 Available N/A           
  Vol00010000_s0001_s0001  Vol00010000  0     132       N/A       1287.6MB   
  0B           1287.6MB     medium              
A    Snap0001_S1199              2017-01-31 13:03:23 Available N/A           
  Vol00010000_s0001_s0001  Vol00010000  0     132       N/A       1287.6MB   
  0B           1287.6MB     medium              
A    Snap0001_S1200              2017-01-31 13:04:12 Available N/A           
  Vol00010000_s0001_s0001  Vol00010000  0     132       N/A       1287.6MB   
  0B           1287.6MB     medium              
A    Snap0001_S1201              2017-01-31 13:05:15 Available N/A           
  Vol00010000_s0001_s0001  Vol00010000  0     132       N/A       1287.6MB   
  0B           1287.6MB     medium              
A    Snap0001_S1202              2017-01-31 13:06:12 Available N/A           
  Vol00010000_s0001_s0001  Vol00010000  0     132       N/A       1287.6MB   
  0B           1287.6MB     medium              
A    Snap0001_S1203              2017-01-31 13:07:13 Available N/A           
  Vol00010000_s0001_s0001  Vol00010000  0     132       N/A       1287.6MB   
  0B           1287.6MB     medium              
A    Snap0001_S1204              2017-01-31 13:08:12 Available N/A           
  Vol00010000_s0001_s0001  Vol00010000  0     132       N/A       1287.6MB   
  0B           1287.6MB     medium              
A    Snap0001_S1205              2017-01-31 13:11:07 Available N/A           
  Vol00010000_s0001_s0001  Vol00010000  0     132       N/A       1287.6MB   
  0B           1287.6MB     medium              
A    Snap0001_S1206              2017-01-31 13:11:37 Available N/A           
  Vol00010000_s0001_s0001  Vol00010000  0     132       N/A       1287.6MB   
  0B           1287.6MB     medium              
A    Snap0001_S1207              2017-01-31 13:11:58 Available N/A           
  Vol00010000_s0001_s0001  Vol00010000  0     132       N/A       1287.6MB   
  0B           1287.6MB     medium              
A    Snap0001_S1208              2017-01-31 13:12:19 Available N/A           
  Vol00010000_s0001_s0001  Vol00010000  0     132       N/A       1287.6MB   
  0B           1287.6MB     medium              
A    Snap0001_S1210              2017-01-31 13:14:37 Available N/A           
  Vol00010000_s0001_s0001  Vol00010000  0     132       N/A       1287.6MB   
  0B           1287.6MB     medium              
A    Snap0001_S1211              2017-01-31 13:15:14 Available N/A           
  Vol00010000_s0001_s0001  Vol00010000  0     132       N/A       1287.6MB   
  0B           1287.6MB     medium              
A    Snap0001_S1212              2017-01-31 13:16:15 Available N/A           
  Vol00010000_s0001_s0001  Vol00010000  0     132       N/A       1287.6MB   
  0B           1287.6MB     medium              
A    Snap0001_S1213              2017-01-31 13:17:12 Available N/A           
  Vol00010000_s0001_s0001  Vol00010000  0     132       N/A       1287.6MB   
  0B           1287.6MB     medium              
A    Snap0001_S1214              2017-01-31 13:18:11 Available N/A           
  Vol00010000_s0001_s0001  Vol00010000  0     132       N/A       1287.6MB   
  0B           1287.6MB     medium              
A    Snap0001_S1215              2017-01-31 13:19:20 Available N/A           
  Vol00010000_s0001_s0001  Vol00010000  0     132       N/A       1287.6MB   
  0B           1287.6MB     medium              
A    Snap0001_S1216              2017-01-31 13:20:19 Available N/A           
  Vol00010000_s0001_s0001  Vol00010000  0     132       N/A       1287.6MB   
  0B           1287.6MB     medium              
A    Snap0001_S1217              2017-01-31 13:23:17 Available N/A           
  Vol00010000_s0001_s0001  Vol00010000  0     132       N/A       1287.6MB   
  0B           1287.6MB     medium              
A    Snap0001_S1218              2017-01-31 13:23:39 Available N/A           
  Vol00010000_s0001_s0001  Vol00010000  0     132       N/A       1287.6MB   
  0B           1287.6MB     medium              
A    Snap0001_S1219              2017-01-31 13:24:00 Available N/A           
  Vol00010000_s0001_s0001  Vol00010000  0     132       N/A       1287.6MB   
  0B           1287.6MB     medium              
A    Snap0001_S1220              2017-01-31 13:24:21 Available N/A           
  Vol00010000_s0001_s0001  Vol00010000  0     132       N/A       1287.6MB   
  0B           1287.6MB     medium              
A    Vol00010000_s0001           2017-01-30 16:37:47 Available N/A           
  Vol00010000              Vol00010000  33    132       N/A       1287.6MB   
  0B           1287.6MB     medium              
A    Vol00010000_s0001_s0001     2017-01-30 16:38:18 Available N/A           
  Vol00010000_s0001        Vol00010000  32    132       N/A       1287.6MB   
  0B           1287.6MB     medium              
A    Vol00010000_s0001s01_S0080  2017-01-31 07:29:19 Available N/A           
  Vol00010000_s0001        Vol00010000  0     132       N/A       1287.6MB   
  0B           1287.6MB     medium              
A    Vol00010000_s0001s01_S0081  2017-01-31 07:40:12 Available N/A           
  Vol00010000_s0001        Vol00010000  0     132       N/A       1287.6MB   
  0B           1287.6MB     medium              
A    Vol00010000_s0001s01_S0082  2017-01-31 07:51:12 Available N/A           
  Vol00010000_s0001        Vol00010000  0     132       N/A       1287.6MB   
  0B           1287.6MB     medium              
A    Vol00010000_s0001s01_S0083  2017-01-31 08:02:12 Available N/A           
  Vol00010000_s0001        Vol00010000  0     132       N/A       1287.6MB   
  0B           1287.6MB     medium              
A    Vol00010000_s0001s01_S0084  2017-01-31 08:13:12 Available N/A           
  Vol00010000_s0001        Vol00010000  0     132       N/A       1287.6MB   
  0B           1287.6MB     medium              
A    Vol00010000_s0001s01_S0085  2017-01-31 08:24:13 Available N/A           
  Vol00010000_s0001        Vol00010000  0     132       N/A       1287.6MB   
  0B           1287.6MB     medium              
A    Vol00010000_s0001s01_S0086  2017-01-31 08:35:15 Available N/A           
  Vol00010000_s0001        Vol00010000  0     132       N/A       1287.6MB   
  0B           1287.6MB     medium              
A    Vol00010000_s0001s01_S0087  2017-01-31 08:46:12 Available N/A           
  Vol00010000_s0001        Vol00010000  0     132       N/A       1287.6MB   
  0B           1287.6MB     medium              
A    Vol00010000_s0001s01_S0088  2017-01-31 08:59:05 Available N/A           
  Vol00010000_s0001        Vol00010000  0     132       N/A       1287.6MB   
  0B           1287.6MB     medium              
A    Vol00010000_s0001s01_S0089  2017-01-31 09:08:12 Available N/A           
  Vol00010000_s0001        Vol00010000  0     132       N/A       1287.6MB   
  0B           1287.6MB     medium              
A    Vol00010000_s0001s01_S0090  2017-01-31 09:20:21 Available N/A           
  Vol00010000_s0001        Vol00010000  0     132       N/A       1287.6MB   
  0B           1287.6MB     medium              
A    Vol00010000_s0001s01_S0091  2017-01-31 09:31:18 Available N/A           
  Vol00010000_s0001        Vol00010000  0     132       N/A       1287.6MB   
  0B           1287.6MB     medium              
A    Vol00010000_s0001s01_S0092  2017-01-31 09:41:12 Available N/A           
  Vol00010000_s0001        Vol00010000  0     132       N/A       1287.6MB   
  0B           1287.6MB     medium              
A    Vol00010000_s0001s01_S0093  2017-01-31 09:52:35 Available N/A           
  Vol00010000_s0001        Vol00010000  0     132       N/A       1287.6MB   
  0B           1287.6MB     medium              
A    Vol00010000_s0001s01_S0094  2017-01-31 10:04:12 Available N/A           
  Vol00010000_s0001        Vol00010000  0     132       N/A       1287.6MB   
  0B           1287.6MB     medium              
A    Vol00010000_s0001s01_S0095  2017-01-31 10:14:12 Available N/A           
  Vol00010000_s0001        Vol00010000  0     132       N/A       1287.6MB   
  0B           1287.6MB     medium              
A    Vol00010000_s0001s01_S0096  2017-01-31 10:25:15 Available N/A           
  Vol00010000_s0001        Vol00010000  0     132       N/A       1287.6MB   
  0B           1287.6MB     medium              
A    Vol00010000_s0001s01_S0097  2017-01-31 10:36:12 Available N/A           
  Vol00010000_s0001        Vol00010000  0     132       N/A       1287.6MB   
  0B           1287.6MB     medium              
A    Vol00010000_s0001s01_S0098  2017-01-31 10:47:12 Available N/A           
  Vol00010000_s0001        Vol00010000  0     132       N/A       1287.6MB   
  0B           1287.6MB     medium              
A    Vol00010000_s0001s01_S0099  2017-01-31 10:58:12 Available N/A           
  Vol00010000_s0001        Vol00010000  0     132       N/A       1287.6MB   
  0B           1287.6MB     medium              
A    Vol00010000_s0001s01_S0100  2017-01-31 11:09:21 Available N/A           
  Vol00010000_s0001        Vol00010000  0     132       N/A       1287.6MB   
  0B           1287.6MB     medium              
A    Vol00010000_s0001s01_S0101  2017-01-31 11:20:18 Available N/A           
  Vol00010000_s0001        Vol00010000  0     132       N/A       1287.6MB   
  0B           1287.6MB     medium              
A    Vol00010000_s0001s01_S0102  2017-01-31 11:31:12 Available N/A           
  Vol00010000_s0001        Vol00010000  0     132       N/A       1287.6MB   
  0B           1287.6MB     medium              
A    Vol00010000_s0001s01_S0103  2017-01-31 11:42:12 Available N/A           
  Vol00010000_s0001        Vol00010000  0     132       N/A       1287.6MB   
  0B           1287.6MB     medium              
A    Vol00010000_s0001s01_S0104  2017-01-31 11:53:14 Available N/A           
  Vol00010000_s0001        Vol00010000  0     132       N/A       1287.6MB   
  0B           1287.6MB     medium              
A    Vol00010000_s0001s01_S0105  2017-01-31 12:04:12 Available N/A           
  Vol00010000_s0001        Vol00010000  0     132       N/A       1287.6MB   
  0B           1287.6MB     medium              
A    Vol00010000_s0001s01_S0106  2017-01-31 12:15:15 Available N/A           
  Vol00010000_s0001        Vol00010000  0     132       N/A       1287.6MB   
  0B           1287.6MB     medium              
A    Vol00010000_s0001s01_S0107  2017-01-31 12:26:27 Available N/A           
  Vol00010000_s0001        Vol00010000  0     132       N/A       1287.6MB   
  0B           1287.6MB     medium              
A    Vol00010000_s0001s01_S0108  2017-01-31 12:37:45 Available N/A           
  Vol00010000_s0001        Vol00010000  0     132       N/A       1287.6MB   
  0B           1287.6MB     medium              
A    Vol00010000_s0001s01_S0109  2017-01-31 12:48:11 Available N/A           
  Vol00010000_s0001        Vol00010000  0     132       N/A       1287.6MB   
  0B           1287.6MB     medium              
A    Vol00010000_s0001s01_S0110  2017-01-31 13:00:21 Available N/A           
  Vol00010000_s0001        Vol00010000  0     132       N/A       1287.6MB   
  0B           1287.6MB     medium              
A    Vol00010000_s0001s01_S0111  2017-01-31 13:11:22 Available N/A           
  Vol00010000_s0001        Vol00010000  0     132       N/A       1287.6MB   
  0B           1287.6MB     medium              
A    Vol00010000_s0002           2017-01-30 16:38:18 Available N/A           
  Vol00010000              Vol00010000  32    132       N/A       1287.6MB   
  0B           1287.6MB     medium              
A    Vol00010000_s0002s01_S0172  2017-01-31 10:14:14 Available N/A           
  Vol00010000_s0002        Vol00010000  0     132       N/A       1287.6MB   
  0B           1287.6MB     medium              
A    Vol00010000_s0002s01_S0173  2017-01-31 10:20:12 Available N/A           
  Vol00010000_s0002        Vol00010000  0     132       N/A       1287.6MB   
  0B           1287.6MB     medium              
A    Vol00010000_s0002s01_S0174  2017-01-31 10:26:13 Available N/A           
  Vol00010000_s0002        Vol00010000  0     132       N/A       1287.6MB   
  0B           1287.6MB     medium              
A    Vol00010000_s0002s01_S0175  2017-01-31 10:32:12 Available N/A           
  Vol00010000_s0002        Vol00010000  0     132       N/A       1287.6MB   
  0B           1287.6MB     medium              
A    Vol00010000_s0002s01_S0176  2017-01-31 10:38:12 Available N/A           
  Vol00010000_s0002        Vol00010000  0     132       N/A       1287.6MB   
  0B           1287.6MB     medium              
A    Vol00010000_s0002s01_S0177  2017-01-31 10:44:12 Available N/A           
  Vol00010000_s0002        Vol00010000  0     132       N/A       1287.6MB   
  0B           1287.6MB     medium              
A    Vol00010000_s0002s01_S0178  2017-01-31 10:51:41 Available N/A           
  Vol00010000_s0002        Vol00010000  0     132       N/A       1287.6MB   
  0B           1287.6MB     medium              
A    Vol00010000_s0002s01_S0179  2017-01-31 10:56:38 Available N/A           
  Vol00010000_s0002        Vol00010000  0     132       N/A       1287.6MB   
  0B           1287.6MB     medium              
A    Vol00010000_s0002s01_S0180  2017-01-31 11:02:12 Available N/A           
  Vol00010000_s0002        Vol00010000  0     132       N/A       1287.6MB   
  0B           1287.6MB     medium              
A    Vol00010000_s0002s01_S0181  2017-01-31 11:08:13 Available N/A           
  Vol00010000_s0002        Vol00010000  0     132       N/A       1287.6MB   
  0B           1287.6MB     medium              
A    Vol00010000_s0002s01_S0182  2017-01-31 11:14:12 Available N/A           
  Vol00010000_s0002        Vol00010000  0     132       N/A       1287.6MB   
  0B           1287.6MB     medium              
A    Vol00010000_s0002s01_S0183  2017-01-31 11:20:20 Available N/A           
  Vol00010000_s0002        Vol00010000  0     132       N/A       1287.6MB   
  0B           1287.6MB     medium              
A    Vol00010000_s0002s01_S0184  2017-01-31 11:26:14 Available N/A           
  Vol00010000_s0002        Vol00010000  0     132       N/A       1287.6MB   
  0B           1287.6MB     medium              
A    Vol00010000_s0002s01_S0185  2017-01-31 11:32:12 Available N/A           
  Vol00010000_s0002        Vol00010000  0     132       N/A       1287.6MB   
  0B           1287.6MB     medium              
A    Vol00010000_s0002s01_S0186  2017-01-31 11:39:44 Available N/A           
  Vol00010000_s0002        Vol00010000  0     132       N/A       1287.6MB   
  0B           1287.6MB     medium              
A    Vol00010000_s0002s01_S0187  2017-01-31 11:45:33 Available N/A           
  Vol00010000_s0002        Vol00010000  0     132       N/A       1287.6MB   
  0B           1287.6MB     medium              
A    Vol00010000_s0002s01_S0188  2017-01-31 11:53:07 Available N/A           
  Vol00010000_s0002        Vol00010000  0     132       N/A       1287.6MB   
  0B           1287.6MB     medium              
A    Vol00010000_s0002s01_S0189  2017-01-31 11:56:15 Available N/A           
  Vol00010000_s0002        Vol00010000  0     132       N/A       1287.6MB   
  0B           1287.6MB     medium              
A    Vol00010000_s0002s01_S0190  2017-01-31 12:02:12 Available N/A           
  Vol00010000_s0002        Vol00010000  0     132       N/A       1287.6MB   
  0B           1287.6MB     medium              
A    Vol00010000_s0002s01_S0191  2017-01-31 12:08:12 Available N/A           
  Vol00010000_s0002        Vol00010000  0     132       N/A       1287.6MB   
  0B           1287.6MB     medium              
A    Vol00010000_s0002s01_S0192  2017-01-31 12:14:31 Available N/A           
  Vol00010000_s0002        Vol00010000  0     132       N/A       1287.6MB   
  0B           1287.6MB     medium              
A    Vol00010000_s0002s01_S0193  2017-01-31 12:20:20 Available N/A           
  Vol00010000_s0002        Vol00010000  0     132       N/A       1287.6MB   
  0B           1287.6MB     medium              
A    Vol00010000_s0002s01_S0194  2017-01-31 12:26:35 Available N/A           
  Vol00010000_s0002        Vol00010000  0     132       N/A       1287.6MB   
  0B           1287.6MB     medium              
A    Vol00010000_s0002s01_S0195  2017-01-31 12:32:11 Available N/A           
  Vol00010000_s0002        Vol00010000  0     132       N/A       1287.6MB   
  0B           1287.6MB     medium              
A    Vol00010000_s0002s01_S0196  2017-01-31 12:38:36 Available N/A           
  Vol00010000_s0002        Vol00010000  0     132       N/A       1287.6MB   
  0B           1287.6MB     medium              
A    Vol00010000_s0002s01_S0197  2017-01-31 12:44:11 Available N/A           
  Vol00010000_s0002        Vol00010000  0     132       N/A       1287.6MB   
  0B           1287.6MB     medium              
A    Vol00010000_s0002s01_S0198  2017-01-31 12:50:16 Available N/A           
  Vol00010000_s0002        Vol00010000  0     132       N/A       1287.6MB   
  0B           1287.6MB     medium              
A    Vol00010000_s0002s01_S0199  2017-01-31 12:56:17 Available N/A           
  Vol00010000_s0002        Vol00010000  0     132       N/A       1287.6MB   
  0B           1287.6MB     medium              
A    Vol00010000_s0002s01_S0200  2017-01-31 13:02:41 Available N/A           
  Vol00010000_s0002        Vol00010000  0     132       N/A       1287.6MB   
  0B           1287.6MB     medium              
A    Vol00010000_s0002s01_S0201  2017-01-31 13:08:11 Available N/A           
  Vol00010000_s0002        Vol00010000  0     132       N/A       1287.6MB   
  0B           1287.6MB     medium              
A    Vol00010000_s0002s01_S0202  2017-01-31 13:14:35 Available N/A           
  Vol00010000_s0002        Vol00010000  0     132       N/A       1287.6MB   
  0B           1287.6MB     medium              
A    Vol00010000_s0002s01_S0203  2017-01-31 13:20:17 Available N/A           
  Vol00010000_s0002        Vol00010000  0     132       N/A       1287.6MB   
  0B           1287.6MB     medium              
A    Vol00010000s01_S0091        2017-01-31 07:59:45 Available N/A           
  Vol00010000              Vol00010000  0     132       N/A       1287.6MB   
  1182.7MB     104.8MB      medium              
A    Vol00010000s01_S0092        2017-01-31 08:10:49 Available N/A           
  Vol00010000              Vol00010000  0     132       N/A       1287.6MB   
  1166.0MB     121.6MB      medium              
A    Vol00010000s01_S0093        2017-01-31 08:19:13 Available N/A           
  Vol00010000              Vol00010000  0     132       N/A       1287.6MB   
  1166.0MB     121.6MB      medium              
A    Vol00010000s01_S0094        2017-01-31 08:29:13 Available N/A           
  Vol00010000              Vol00010000  0     132       N/A       1287.6MB   
  1170.2MB     117.4MB      medium              
A    Vol00010000s01_S0095        2017-01-31 08:39:13 Available N/A           
  Vol00010000              Vol00010000  0     132       N/A       1287.6MB   
  1170.2MB     117.4MB      medium              
A    Vol00010000s01_S0096        2017-01-31 08:49:30 Available N/A           
  Vol00010000              Vol00010000  0     132       N/A       1287.6MB   
  1182.7MB     104.8MB      medium              
A    Vol00010000s01_S0097        2017-01-31 08:59:16 Available N/A           
  Vol00010000              Vol00010000  0     132       N/A       1287.6MB   
  1157.6MB     130.0MB      medium              
A    Vol00010000s01_S0098        2017-01-31 09:09:13 Available N/A           
  Vol00010000              Vol00010000  0     132       N/A       1287.6MB   
  1157.6MB     130.0MB      medium              
A    Vol00010000s01_S0099        2017-01-31 09:19:35 Available N/A           
  Vol00010000              Vol00010000  0     132       N/A       1287.6MB   
  1178.5MB     109.0MB      medium              
A    Vol00010000s01_S0100        2017-01-31 09:31:07 Available N/A           
  Vol00010000              Vol00010000  0     132       N/A       1287.6MB   
  1153.4MB     134.2MB      medium              
A    Vol00010000s01_S0101        2017-01-31 09:39:13 Available N/A           
  Vol00010000              Vol00010000  0     132       N/A       1287.6MB   
  1157.6MB     130.0MB      medium              
A    Vol00010000s01_S0102        2017-01-31 09:49:13 Available N/A           
  Vol00010000              Vol00010000  0     132       N/A       1287.6MB   
  1170.2MB     117.4MB      medium              
A    Vol00010000s01_S0103        2017-01-31 09:59:13 Available N/A           
  Vol00010000              Vol00010000  0     132       N/A       1287.6MB   
  1170.2MB     117.4MB      medium              
A    Vol00010000s01_S0104        2017-01-31 10:09:13 Available N/A           
  Vol00010000              Vol00010000  0     132       N/A       1287.6MB   
  1182.7MB     104.8MB      medium              
A    Vol00010000s01_S0105        2017-01-31 10:19:47 Available N/A           
  Vol00010000              Vol00010000  0     132       N/A       1287.6MB   
  1182.7MB     104.8MB      medium              
A    Vol00010000s01_S0106        2017-01-31 10:29:13 Available N/A           
  Vol00010000              Vol00010000  0     132       N/A       1287.6MB   
  1182.7MB     104.8MB      medium              
A    Vol00010000s01_S0107        2017-01-31 10:39:14 Available N/A           
  Vol00010000              Vol00010000  0     132       N/A       1287.6MB   
  1044.3MB     243.2MB      medium              
A    Vol00010000s01_S0108        2017-01-31 10:49:13 Available N/A           
  Vol00010000              Vol00010000  0     132       N/A       1287.6MB   
  1044.3MB     243.2MB      medium              
A    Vol00010000s01_S0109        2017-01-31 10:59:13 Available N/A           
  Vol00010000              Vol00010000  0     132       N/A       1287.6MB   
  1182.7MB     104.8MB      medium              
A    Vol00010000s01_S0110        2017-01-31 11:09:15 Available N/A           
  Vol00010000              Vol00010000  0     132       N/A       1287.6MB   
  1178.5MB     109.0MB      medium              
A    Vol00010000s01_S0111        2017-01-31 11:19:13 Available N/A           
  Vol00010000              Vol00010000  0     132       N/A       1287.6MB   
  1178.5MB     109.0MB      medium              
A    Vol00010000s01_S0112        2017-01-31 11:29:58 Available N/A           
  Vol00010000              Vol00010000  0     132       N/A       1287.6MB   
  1182.7MB     104.8MB      medium              
A    Vol00010000s01_S0113        2017-01-31 11:39:36 Available N/A           
  Vol00010000              Vol00010000  0     132       N/A       1287.6MB   
  1182.7MB     104.8MB      medium              
A    Vol00010000s01_S0114        2017-01-31 11:52:37 Available N/A           
  Vol00010000              Vol00010000  0     132       N/A       1287.6MB   
  1182.7MB     104.8MB      medium              
A    Vol00010000s01_S0115        2017-01-31 11:59:14 Available N/A           
  Vol00010000              Vol00010000  0     132       N/A       1287.6MB   
  1111.4MB     176.1MB      medium              
A    Vol00010000s01_S0116        2017-01-31 12:09:13 Available N/A           
  Vol00010000              Vol00010000  0     132       N/A       1287.6MB   
  1111.4MB     176.1MB      medium              
A    Vol00010000s01_S0117        2017-01-31 12:19:13 Available N/A           
  Vol00010000              Vol00010000  0     132       N/A       1287.6MB   
  1182.7MB     104.8MB      medium              
A    Vol00010000s01_S0118        2017-01-31 12:29:12 Available N/A           
  Vol00010000              Vol00010000  0     132       N/A       1287.6MB   
  1182.7MB     104.8MB      medium              
A    Vol00010000s01_S0119        2017-01-31 12:39:12 Available N/A           
  Vol00010000              Vol00010000  0     132       N/A       1287.6MB   
  1182.7MB     104.8MB      medium              
A    Vol00010000s01_S0120        2017-01-31 13:00:13 Available N/A           
  Vol00010000              Vol00010000  0     132       N/A       1287.6MB   
  1170.2MB     117.4MB      medium              
A    Vol00010000s01_S0121        2017-01-31 13:10:56 Available N/A           
  Vol00010000              Vol00010000  0     132       N/A       1287.6MB   
  1170.2MB     117.4MB      medium              
A    Vol00010000s01_S0122        2017-01-31 13:19:12 Available N/A           
  Vol00010000              Vol00010000  0     132       N/A       1287.6MB   
  1182.7MB     104.8MB      medium              
A    Vol00010001_s0001           2017-01-30 16:37:47 Available N/A           
  Vol00010001              Vol00010001  33    68        N/A       1275.0MB   
  0B           1275.0MB     medium              
A    Vol00010001_s0001_s0001     2017-01-30 16:38:18 Available N/A           
  Vol00010001_s0001        Vol00010001  0     68        N/A       1275.0MB   
  0B           1275.0MB     medium              
A    Vol00010001_s0001s01_S0212  2017-01-31 10:41:12 Available N/A           
  Vol00010001_s0001        Vol00010001  0     68        N/A       1275.0MB   
  0B           1275.0MB     medium              
A    Vol00010001_s0001s01_S0213  2017-01-31 10:46:12 Available N/A           
  Vol00010001_s0001        Vol00010001  0     68        N/A       1275.0MB   
  0B           1275.0MB     medium              
A    Vol00010001_s0001s01_S0214  2017-01-31 10:51:39 Available N/A           
  Vol00010001_s0001        Vol00010001  0     68        N/A       1275.0MB   
  0B           1275.0MB     medium              
A    Vol00010001_s0001s01_S0215  2017-01-31 10:56:36 Available N/A           
  Vol00010001_s0001        Vol00010001  0     68        N/A       1275.0MB   
  0B           1275.0MB     medium              
A    Vol00010001_s0001s01_S0216  2017-01-31 11:01:12 Available N/A           
  Vol00010001_s0001        Vol00010001  0     68        N/A       1275.0MB   
  0B           1275.0MB     medium              
A    Vol00010001_s0001s01_S0217  2017-01-31 11:07:30 Available N/A           
  Vol00010001_s0001        Vol00010001  0     68        N/A       1275.0MB   
  0B           1275.0MB     medium              
A    Vol00010001_s0001s01_S0218  2017-01-31 11:11:12 Available N/A           
  Vol00010001_s0001        Vol00010001  0     68        N/A       1275.0MB   
  0B           1275.0MB     medium              
[...]
Disk Group Background Scrub Interval: 24
Partner Firmware Upgrade: Enabled
Utility Priority: High
SMART: Enabled
Dynamic Spare Configuration: Enabled
Enclosure Polling Rate: 5
Host Control of Caching: Disabled
Sync Cache Mode: Immediate
Independent Cache Performance Mode: Disabled
Missing LUN Response: Not Ready
Controller Failure: Disabled
Supercap Failure: Enabled
CompactFlash Failure: Enabled
Power Supply Failure: Disabled
Fan Failure: Disabled
Temperature Exceeded: Disabled
Partner Notify: Disabled
Auto Write Back: Enabled
Inactive Drive Spin Down: Disabled
Inactive Drive Spin Down Delay: 0
Disk Background Scrub: Enabled
Managed Logs: Enabled
Single Controller Mode: Disabled
Auto Stall Recovery: Enabled
Restart on CAPI Fail: Disabled
Large Pools: Disabled

Success: Command completed successfully. (2017-02-22 11:53:58)

#</msg>
<status endtime="20170222 11:53:24.883" starttime="20170222 11:53:24.672" status="PASS"></status>
</kw>
<status endtime="20170222 11:53:24.883" starttime="20170222 11:53:24.670" status="PASS"></status>
</kw>
<kw library="resources" name="Print users">
<kw library="Telnet" name="Write">
<doc>Writes the given text plus a newline into the connection.</doc>
<arguments>
<arg>show users</arg>
</arguments>
<msg timestamp="20170222 11:53:24.886" level="INFO">show ntp-status</msg>
<status endtime="20170222 11:53:24.886" starttime="20170222 11:53:24.885" status="PASS"></status>
</kw>
<kw library="Telnet" name="Read Until">
<doc>Reads output until ``expected`` text is encountered.</doc>
<arguments>
<arg>expected=#</arg>
</arguments>
<msg timestamp="20170222 11:53:24.888" level="INFO">NTP Status
----------
NTP Status: deactivated
NTP Server Address: 0.0.0.0
Last Server Contact: none

Success: Command completed successfully. (2017-02-22 11:53:58)

#</msg>
<status endtime="20170222 11:53:24.888" starttime="20170222 11:53:24.886" status="PASS"></status>
</kw>
<status endtime="20170222 11:53:24.888" starttime="20170222 11:53:24.884" status="PASS"></status>
</kw>
<kw library="resources" name="Print schedules">
<kw library="Telnet" name="Write">
<doc>Writes the given text plus a newline into the connection.</doc>
<arguments>
<arg>show schedules</arg>
</arguments>
<msg timestamp="20170222 11:53:24.891" level="INFO">show users</msg>
<status endtime="20170222 11:53:24.891" starttime="20170222 11:53:24.890" status="PASS"></status>
</kw>
<kw library="Telnet" name="Read Until">
<doc>Reads output until ``expected`` text is encountered.</doc>
<arguments>
<arg>expected=#</arg>
</arguments>
<msg timestamp="20170222 11:53:25.059" level="INFO">show schedules
Username             Roles           User Type    User Locale            WBI   
  CLI   FTP   SMI-S SNMP  Authentication Type Privacy Type 
  Password                         Privacy Password                 
  Trap Host Address 
-------------------------------------------------------------------------------
Meghana              manage          Standard     English                x     
  x                                                        
  ********                         ********                         
  
ftp                  manage,monitor  Standard     English                      
        x                                                  
  ********                         ********                         
  
manage               manage,monitor  Standard     English                x     
  x     x     x                                            
  ********                         ********                         
  
monitor              monitor         Standard     English                x     
  x                                                        
  ********                         ********                         
  
snehitha             diagnostic      Diagnostic   English                x     
  x                                                        
  ********                         ********                         
  
-------------------------------------------------------------------------------
Success: Command completed successfully. (2017-02-22 11:53:58)

#</msg>
<status endtime="20170222 11:53:25.059" starttime="20170222 11:53:24.891" status="PASS"></status>
</kw>
<status endtime="20170222 11:53:25.059" starttime="20170222 11:53:24.889" status="PASS"></status>
</kw>
<kw library="resources" name="Print tasks">
<kw library="Telnet" name="Write">
<doc>Writes the given text plus a newline into the connection.</doc>
<arguments>
<arg>show tasks</arg>
</arguments>
<msg timestamp="20170222 11:53:25.062" level="INFO">show schedules</msg>
<status endtime="20170222 11:53:25.062" starttime="20170222 11:53:25.061" status="PASS"></status>
</kw>
<kw library="Telnet" name="Read Until">
<doc>Reads output until ``expected`` text is encountered.</doc>
<arguments>
<arg>expected=#</arg>
</arguments>
<msg timestamp="20170222 11:53:25.121" level="INFO">Schedule Details
----------------
Schedule Name: Master_Vol0001SS001
Schedule Specification: Start 2017-01-27 13:13:00, Every 10 Minutes
Status: Ready
Next Time: 2017-02-22 12:03:00
Task To Run: 
Error Message: 


Schedule Details
----------------
Schedule Name: Master_Vol0002SS001
Schedule Specification: Start 2017-01-27 13:13:00, Every 5 Minutes
Status: Ready
Next Time: 2017-02-22 11:58:00
Task To Run: 
Error Message: 


Schedule Details
----------------
Schedule Name: Master_Vol0003SS001
Schedule Specification: Start 2017-01-27 13:13:00, Every 10 Minutes
Status: Ready
Next Time: 2017-02-22 12:03:00
Task To Run: 
Error Message: 


Schedule Details
----------------
Schedule Name: cc0000SS001
Schedule Specification: Start 2017-01-30 17:00:00, Every 10 Minutes
Status: Ready
Next Time: 2017-02-22 12:00:00
Task To Run: cc0000TS001
Error Message: 

  Tasks
  -----
  Task Name: cc0000TS001
  Task Type: TakeSnapshot
  Status: Error
  Task State: ValidateLicensingLimit
  Error Message: Unable to create a snapshot because taking snapshots is not licensed.

    Task Details
    ------------
    Source Volume: cc0000
    Source Volume Serial: 00c0ff1a1646000082668f5801000000
    Prefix: cc0000s01
    Count: 32
    Last Created: cc0000s01_S0135

      Snapshot Name                    Snapshot Serial                  
      ------------------------------------------------------------------
      cc0000s01_S0130                  00c0ff1a16460000f7738f5801000000
      cc0000s01_S0131                  00c0ff1a17010000c8758f5801000000
      cc0000s01_S0132                  00c0ff1a164600001f788f5801000000
      cc0000s01_S0133                  00c0ff1a17010000787a8f5801000000
      cc0000s01_S0134                  00c0ff1a17010000d07c8f5801000000
      cc0000s01_S0135                  00c0ff1a16460000277f8f5801000000
      cc0000s01_S0104                  00c0ff1a1701000080818f5801000000
      cc0000s01_S0105                  00c0ff1a16460000d8838f5801000000
      cc0000s01_S0106                  00c0ff1a1701000030868f5801000000
      cc0000s01_S0107                  00c0ff1a1701000088888f5801000000
      cc0000s01_S0108                  00c0ff1a16460000e08a8f5801000000
      cc0000s01_S0109                  00c0ff1a17010000388d8f5801000000
      cc0000s01_S0110                  00c0ff1a17010000908f8f5801000000
      cc0000s01_S0111                  00c0ff1a16460000f2918f5801000000
      cc0000s01_S0112                  00c0ff1a1701000040948f5801000000
      cc0000s01_S0113                  00c0ff1a1646000098968f5801000000
      cc0000s01_S0114                  00c0ff1a17010000f0988f5801000000
      cc0000s01_S0115                  00c0ff1a17010000489b8f5801000000
      cc0000s01_S0116                  00c0ff1a16460000a09d8f5801000000
      cc0000s01_S0117                  00c0ff1a17010000f79f8f5801000000
      cc0000s01_S0118                  00c0ff1a1701000054a28f5801000000
      cc0000s01_S0119                  00c0ff1a16460000c8a48f5801000000
      cc0000s01_S0120                  00c0ff1a17010000dda78f5801000000
      cc0000s01_S0121                  00c0ff1a1646000058a98f5801000000
      cc0000s01_S0122                  00c0ff1a17010000afab8f5801000000
      cc0000s01_S0123                  00c0ff1a1701000007ae8f5801000000
      cc0000s01_S0124                  00c0ff1a164600005fb08f5801000000
      cc0000s01_S0125                  00c0ff1a17010000b7b28f5801000000
      cc0000s01_S0126                  00c0ff1a170100001fb58f5801000000
      cc0000s01_S0127                  00c0ff1a1646000098b78f5801000000
      cc0000s01_S0128                  00c0ff1a17010000a9ba8f5801000000
      cc0000s01_S0129                  00c0ff1a1646000018bc8f5801000000




Schedule Details
----------------
Schedule Name: cc0001SS001
Schedule Specification: Start 2017-01-30 17:00:00, Every 5 Minutes
Status: Ready
Next Time: 2017-02-22 11:55:00
Task To Run: cc0001TS001
Error Message: 

  Tasks
  -----
  Task Name: cc0001TS001
  Task Type: TakeSnapshot
  Status: Error
  Task State: ValidateLicensingLimit
  Error Message: Unable to create a snapshot because taking snapshots is not licensed.

    Task Details
    ------------
    Source Volume: cc0001
    Source Volume Serial: 00c0ff1a1646000082668f5803000000
    Prefix: cc0001s01
    Count: 32
    Last Created: cc0001s01_S0271

      Snapshot Name                    Snapshot Serial                  
      ------------------------------------------------------------------
      cc0001s01_S0257                  00c0ff1a170100005a718f5801000000
      cc0001s01_S0258                  00c0ff1a1701000044728f5801000000
      cc0001s01_S0259                  00c0ff1a16460000fb738f5801000000
      cc0001s01_S0260                  00c0ff1a164600009b748f5801000000
      cc0001s01_S0261                  00c0ff1a17010000ca758f5801000000
      cc0001s01_S0262                  00c0ff1a17010000f4768f5801000000
      cc0001s01_S0263                  00c0ff1a1646000022788f5801000000
      cc0001s01_S0264                  00c0ff1a170100004c798f5801000000
      cc0001s01_S0265                  00c0ff1a17010000797a8f5801000000
      cc0001s01_S0266                  00c0ff1a16460000a37b8f5801000000
      cc0001s01_S0267                  00c0ff1a17010000d27c8f5801000000
      cc0001s01_S0268                  00c0ff1a17010000fc7d8f5801000000
      cc0001s01_S0269                  00c0ff1a164600002b7f8f5801000000
      cc0001s01_S0270                  00c0ff1a1701000064808f5801000000
      cc0001s01_S0271                  00c0ff1a1701000084818f5801000000
      cc0001s01_S0240                  00c0ff1a16460000e7828f5801000000
      cc0001s01_S0241                  00c0ff1a16460000da838f5801000000
      cc0001s01_S0242                  00c0ff1a1701000004858f5801000000
      cc0001s01_S0243                  00c0ff1a1701000032868f5801000000
      cc0001s01_S0244                  00c0ff1a164600005c878f5801000000
      cc0001s01_S0245                  00c0ff1a170100008b888f5801000000
      cc0001s01_S0246                  00c0ff1a17010000b4898f5801000000
      cc0001s01_S0247                  00c0ff1a16460000e38a8f5801000000
      cc0001s01_S0248                  00c0ff1a170100000c8c8f5801000000
      cc0001s01_S0249                  00c0ff1a17010000398d8f5801000000
      cc0001s01_S0250                  00c0ff1a16460000648e8f5801000000
      cc0001s01_S0251                  00c0ff1a17010000938f8f5801000000
      cc0001s01_S0252                  00c0ff1a1701000069918f5801000000
      cc0001s01_S0253                  00c0ff1a16460000f7918f5801000000
      cc0001s01_S0254                  00c0ff1a1701000058938f5801000000
      cc0001s01_S0255                  00c0ff1a1701000041948f5801000000
      cc0001s01_S0256                  00c0ff1a16460000bf958f5801000000




Schedule Details
----------------
Schedule Name: cc0000_s0001SS001
Schedule Specification: Start 2017-01-30 17:01:00, Every 3 Minutes
Status: Ready
Next Time: 2017-02-22 11:55:00
Task To Run: cc0000_s0001TS001
Error Message: 

  Tasks
  -----
  Task Name: cc0000_s0001TS001
  Task Type: TakeSnapshot
  Status: Error
  Task State: ValidateLicensingLimit
  Error Message: Unable to create a snapshot because taking snapshots is not licensed.

    Task Details
    ------------
    Source Volume: cc0000_s0001
    Source Volume Serial: 00c0ff1a16460000dd6b8f5801000000
    Prefix: cc0000_s0001s01
    Count: 32
    Last Created: cc0000_s0001s01_S0454

      Snapshot Name                    Snapshot Serial                  
      ------------------------------------------------------------------
      cc0000_s0001s01_S0450            00c0ff1a1701000064718f5801000000
      cc0000_s0001s01_S0451            00c0ff1a1701000007728f5801000000
      cc0000_s0001s01_S0452            00c0ff1a17010000bb728f5801000000
      cc0000_s0001s01_S0453            00c0ff1a16460000ff738f5801000000
      cc0000_s0001s01_S0454            00c0ff1a1646000021748f5801000000
      cc0000_s0001s01_S0423            00c0ff1a16460000d5748f5801000000
      cc0000_s0001s01_S0424            00c0ff1a1701000090758f5801000000
      cc0000_s0001s01_S0425            00c0ff1a1701000040768f5801000000
      cc0000_s0001s01_S0426            00c0ffshow tasks
1a17010000f5768f5801000000
      cc0000_s0001s01_S0427            00c0ff1a16460000a7778f5801000000
      cc0000_s0001s01_S0428            00c0ff1a164600005a788f5801000000
      cc0000_s0001s01_S0429            00c0ff1a170100000f798f5801000000
      cc0000_s0001s01_S0430            00c0ff1a17010000c3798f5801000000
      cc0000_s0001s01_S0431            00c0ff1a170100007a7a8f5801000000
      cc0000_s0001s01_S0432            00c0ff1a164600005f7b8f5801000000
      cc0000_s0001s01_S0433            00c0ff1a16460000de7b8f5801000000
      cc0000_s0001s01_S0434            00c0ff1a17010000957c8f5801000000
      cc0000_s0001s01_S0435            00c0ff1a17010000477d8f5801000000
      cc0000_s0001s01_S0436            00c0ff1a17010000007e8f5801000000
      cc0000_s0001s01_S0437            00c0ff1a17010000af7e8f5801000000
      cc0000_s0001s01_S0438            00c0ff1a16460000627f8f5801000000
      cc0000_s0001s01_S0439            00c0ff1a1646000018808f5801000000
      cc0000_s0001s01_S0440            00c0ff1a17010000cb808f5801000000
      cc0000_s0001s01_S0441            00c0ff1a1701000085818f5801000000
      cc0000_s0001s01_S0442            00c0ff1a1701000033828f5801000000
      cc0000_s0001s01_S0443            00c0ff1a1646000022838f5801000000
      cc0000_s0001s01_S0444            00c0ff1a164600009a838f5801000000
      cc0000_s0001s01_S0445            00c0ff1a170100004f848f5801000000
      cc0000_s0001s01_S0446            00c0ff1a1701000005858f5801000000
      cc0000_s0001s01_S0447            00c0ff1a17010000b8858f5801000000
      cc0000_s0001s01_S0448            00c0ff1a16460000a9868f5801000000
      cc0000_s0001s01_S0449            00c0ff1a164600001e878f5801000000




Schedule Details
----------------
Schedule Name: cc0001_s0001SS001
Schedule Specification: Start 2017-01-30 17:01:00, Every 4 Minutes
Status: Ready
Next Time: 2017-02-22 11:57:00
Task To Run: cc0001_s0001TS001
Error Message: 

  Tasks
  -----
  Task Name: cc0001_s0001TS001
  Task Type: TakeSnapshot
  Status: Error
  Task State: ValidateLicensingLimit
  Error Message: Unable to create a snapshot because taking snapshots is not licensed.

    Task Details
    ------------
    Source Volume: cc0001_s0001
    Source Volume Serial: 00c0ff1a16460000dd6b8f5803000000
    Prefix: cc0001_s0001s01
    Count: 32
    Last Created: cc0001_s0001s01_S0340

      Snapshot Name                    Snapshot Serial                  
      ------------------------------------------------------------------
      cc0001_s0001s01_S0321            00c0ff1a1701000066718f5801000000
      cc0001_s0001s01_S0322            00c0ff1a1701000046728f5801000000
      cc0001_s0001s01_S0323            00c0ff1a1701000037738f5801000000
      cc0001_s0001s01_S0324            00c0ff1a1646000022748f5801000000
      cc0001_s0001s01_S0325            00c0ff1a1701000022758f5801000000
      cc0001_s0001s01_S0326            00c0ff1a1701000004768f5801000000
      cc0001_s0001s01_S0327            00c0ff1a17010000f6768f5801000000
      cc0001_s0001s01_S0328            00c0ff1a16460000e2778f5801000000
      cc0001_s0001s01_S0329            00c0ff1a17010000e3788f5801000000
      cc0001_s0001s01_S0330            00c0ff1a17010000c4798f5801000000
      cc0001_s0001s01_S0331            00c0ff1a17010000b47a8f5801000000
      cc0001_s0001s01_S0332            00c0ff1a16460000a57b8f5801000000
      cc0001_s0001s01_S0333            00c0ff1a17010000a07c8f5801000000
      cc0001_s0001s01_S0334            00c0ff1a17010000eb7d8f5801000000
      cc0001_s0001s01_S0335            00c0ff1a170100007c7e8f5801000000
      cc0001_s0001s01_S0336            00c0ff1a16460000657f8f5801000000
      cc0001_s0001s01_S0337            00c0ff1a1701000065808f5801000000
      cc0001_s0001s01_S0338            00c0ff1a1701000048818f5801000000
      cc0001_s0001s01_S0339            00c0ff1a1701000034828f5801000000
      cc0001_s0001s01_S0340            00c0ff1a1646000024838f5801000000
      cc0001_s0001s01_S0309            00c0ff1a1701000031848f5801000000
      cc0001_s0001s01_S0310            00c0ff1a1701000006858f5801000000
      cc0001_s0001s01_S0311            00c0ff1a17010000f7858f5801000000
      cc0001_s0001s01_S0312            00c0ff1a16460000e2868f5801000000
      cc0001_s0001s01_S0313            00c0ff1a17010000f7878f5801000000
      cc0001_s0001s01_S0314            00c0ff1a17010000c5888f5801000000
      cc0001_s0001s01_S0315            00c0ff1a17010000b5898f5801000000
      cc0001_s0001s01_S0316            00c0ff1a16460000a28a8f5801000000
      cc0001_s0001s01_S0317            00c0ff1a17010000b08b8f5801000000
      cc0001_s0001s01_S0318            00c0ff1a17010000838c8f5801000000
      cc0001_s0001s01_S0319            00c0ff1a17010000758d8f5801000000
      cc0001_s0001s01_S0320            00c0ff1a16460000668e8f5801000000




Success: Command completed successfully. (2017-02-22 11:53:59)

#</msg>
<status endtime="20170222 11:53:25.121" starttime="20170222 11:53:25.062" status="PASS"></status>
</kw>
<status endtime="20170222 11:53:25.121" starttime="20170222 11:53:25.060" status="PASS"></status>
</kw>
<kw library="resources" name="Write exit">
<kw library="Telnet" name="Write">
<doc>Writes the given text plus a newline into the connection.</doc>
<arguments>
<arg>exit</arg>
</arguments>
<msg timestamp="20170222 11:53:25.123" level="INFO">show tasks</msg>
<status endtime="20170222 11:53:25.123" starttime="20170222 11:53:25.122" status="PASS"></status>
</kw>
<status endtime="20170222 11:53:25.123" starttime="20170222 11:53:25.122" status="PASS"></status>
</kw>
<kw library="Telnet" name="Close All Connections" type="teardown">
<doc>Closes all open connections and empties the connection cache.</doc>
<status endtime="20170222 11:53:25.124" starttime="20170222 11:53:25.124" status="PASS"></status>
</kw>
<status endtime="20170222 11:53:25.124" critical="yes" starttime="20170222 11:53:20.086" status="PASS"></status>
</test>
<doc>A test suite with a single test for valid login.

This test has a workflow that is created using keywords in
the imported resource file.</doc>
<status endtime="20170222 11:53:25.126" starttime="20170222 11:53:19.439" status="PASS"></status>
</suite>
<statistics>
<total>
<stat fail="0" pass="1">Critical Tests</stat>
<stat fail="0" pass="1">All Tests</stat>
</total>
<tag>
</tag>
<suite>
<stat fail="0" id="s1" name="Login" pass="1">Login</stat>
</suite>
</statistics>
<errors>
</errors>
</robot>
